2026-03-27 15:07:17,149 - main - INFO - === Logging system initialized ===
2026-03-27 15:07:17,149 - main - INFO - Log file: logs/app_20260327_150717.log
2026-03-27 15:07:17,149 - main - INFO - Log level: INFO
2026-03-27 15:07:17,149 - main - INFO - Timestamp: 20260327_150717
2026-03-27 15:07:20,962 - main - INFO - Included router: routers.aihub.router
2026-03-27 15:07:21,071 - main - INFO - Included router: routers.auth.router
2026-03-27 15:07:21,097 - main - INFO - Included router: routers.health.router
2026-03-27 15:07:21,161 - main - INFO - Included router: routers.settings.router
2026-03-27 15:07:21,521 - main - INFO - Included router: routers.storage.router
2026-03-27 15:07:21,634 - main - INFO - Included router: routers.user.router
2026-03-27 15:07:21,636 - main - INFO - === Application startup initiated ===
2026-03-27 15:07:21,636 - services.database - INFO - Ignore creating tables
2026-03-27 15:07:21,636 - services.mock_data - INFO - Ignore initialize data
2026-03-27 15:07:21,636 - services.auth - INFO - Ignore initialize admin
2026-03-27 15:07:21,637 - main - INFO - === Application startup completed successfully ===
2026-03-27 15:07:28,866 - core.database - DEBUG - [DB_OP] Starting get_db session creation
2026-03-27 15:07:28,866 - core.database - WARNING - Database session maker not available, attempting lazy initialization...
2026-03-27 15:07:28,867 - core.database - WARNING - Database not initialized, attempting lazy initialization...
2026-03-27 15:07:28,867 - core.database - INFO - Starting database initialization...
2026-03-27 15:07:28,867 - core.config - DEBUG - Read dynamic attribute database_url from environment variable DATABASE_URL
2026-03-27 15:07:28,867 - core.database - INFO - Normalizing database URL for async compatibility...
2026-03-27 15:07:28,868 - core.database - INFO - Creating async database engine...
2026-03-27 15:07:28,869 - core.database - INFO - Using QueuePool with connection pooling for non-Lambda environment
2026-03-27 15:07:29,149 - core.database - INFO - Database engine created successfully
2026-03-27 15:07:29,150 - core.database - INFO - Creating async session maker...
2026-03-27 15:07:29,150 - core.database - INFO - Async session maker created successfully
2026-03-27 15:07:29,150 - core.database - INFO - Database connection initialized successfully
2026-03-27 15:07:29,150 - core.database - DEBUG - [DB_OP] Starting create_tables
2026-03-27 15:07:29,150 - core.database - INFO - 🔧 Starting table creation...
2026-03-27 15:07:29,860 - core.database - DEBUG - [DB_OP] Starting get_db session creation
2026-03-27 15:07:29,860 - core.database - DEBUG - [DB_OP] Database session created successfully in 0.0004s
2026-03-27 15:07:29,860 - routers.auth - INFO - [token/exchange] Received platform token exchange request
2026-03-27 15:07:29,860 - core.config - DEBUG - Read dynamic attribute oidc_issuer_url from environment variable OIDC_ISSUER_URL
2026-03-27 15:07:29,861 - routers.auth - DEBUG - [token/exchange] Verifying token with issuer: https://auth.atoms.dev/api/v1/oidc/platform/tokens/verify
2026-03-27 15:07:30,331 - httpcore.connection - DEBUG - connect_tcp.started host='auth.atoms.dev' port=443 local_address=None timeout=5.0 socket_options=None
2026-03-27 15:07:30,351 - httpcore.connection - DEBUG - connect_tcp.complete return_value=<httpcore._backends.anyio.AnyIOStream object at 0x7f7b0b822f50>
2026-03-27 15:07:30,351 - httpcore.connection - DEBUG - start_tls.started ssl_context=<ssl.SSLContext object at 0x7f7b0b759ac0> server_hostname='auth.atoms.dev' timeout=5.0
2026-03-27 15:07:30,361 - httpcore.connection - DEBUG - start_tls.complete return_value=<httpcore._backends.anyio.AnyIOStream object at 0x7f7b0b823760>
2026-03-27 15:07:30,361 - httpcore.http11 - DEBUG - send_request_headers.started request=<Request [b'POST']>
2026-03-27 15:07:30,362 - httpcore.http11 - DEBUG - send_request_headers.complete
2026-03-27 15:07:30,363 - httpcore.http11 - DEBUG - send_request_body.started request=<Request [b'POST']>
2026-03-27 15:07:30,364 - httpcore.http11 - DEBUG - send_request_body.complete
2026-03-27 15:07:30,365 - httpcore.http11 - DEBUG - receive_response_headers.started request=<Request [b'POST']>
2026-03-27 15:07:30,394 - httpcore.http11 - DEBUG - receive_response_headers.complete return_value=(b'HTTP/1.1', 200, b'OK', [(b'Date', b'Fri, 27 Mar 2026 22:07:30 GMT'), (b'Content-Type', b'application/json'), (b'Transfer-Encoding', b'chunked'), (b'Connection', b'keep-alive'), (b'x-response-time', b'0.001s'), (b'x-request-id', b'1db610e3c14aa4b6e542ebfce44e45e5'), (b'cf-cache-status', b'DYNAMIC'), (b'Content-Encoding', b'gzip'), (b'Server', b'cloudflare'), (b'CF-RAY', b'9e31b556cce21ffb-LAX')])
2026-03-27 15:07:30,396 - httpx - INFO - HTTP Request: POST https://auth.atoms.dev/api/v1/oidc/platform/tokens/verify "HTTP/1.1 200 OK"
2026-03-27 15:07:30,397 - httpcore.http11 - DEBUG - receive_response_body.started request=<Request [b'POST']>
2026-03-27 15:07:30,397 - httpcore.http11 - DEBUG - receive_response_body.complete
2026-03-27 15:07:30,398 - httpcore.http11 - DEBUG - response_closed.started
2026-03-27 15:07:30,398 - httpcore.http11 - DEBUG - response_closed.complete
2026-03-27 15:07:30,399 - httpcore.connection - DEBUG - close.started
2026-03-27 15:07:30,400 - httpcore.connection - DEBUG - close.complete
2026-03-27 15:07:30,401 - routers.auth - DEBUG - [token/exchange] Issuer response status: 200
2026-03-27 15:07:30,401 - routers.auth - DEBUG - [token/exchange] Issuer response body: {'success': True, 'data': {'exp': 1777204171, 'user_id': 1058562, 'email': 'ellosbruno27@gmail.com', 'pv': 0}, 'message': 'Platform token verified', 'code': 0, 'timestamp': '2026-03-27T22:07:30.388973'}
2026-03-27 15:07:30,401 - routers.auth - INFO - [token/exchange] Token verified, platform_user_id=1058562, email=ellosbruno27@gmail.com
2026-03-27 15:07:30,402 - core.config - DEBUG - Read dynamic attribute admin_user_id from environment variable ADMIN_USER_ID
2026-03-27 15:07:30,402 - routers.auth - INFO - [token/exchange] User verified: platform_user_id=1058562, role=admin
2026-03-27 15:07:30,404 - routers.auth - DEBUG - [token/exchange] User object for token issuance: id=1058562, email=ellosbruno27@gmail.com, role=admin
2026-03-27 15:07:30,404 - core.config - DEBUG - Read dynamic attribute jwt_expire_minutes from environment variable JWT_EXPIRE_MINUTES
2026-03-27 15:07:30,404 - core.config - DEBUG - Read dynamic attribute jwt_secret_key from environment variable JWT_SECRET_KEY
2026-03-27 15:07:30,404 - core.config - DEBUG - Read dynamic attribute jwt_algorithm from environment variable JWT_ALGORITHM
2026-03-27 15:07:30,466 - core.auth - DEBUG - Authentication token created for user hash: 7f624612
2026-03-27 15:07:30,466 - routers.auth - INFO - [token/exchange] Token issued successfully for user_id=1058562, expires_at=2026-04-26 22:07:30.404794+00:00
2026-03-27 15:07:30,467 - core.database - DEBUG - [DB_OP] Database session cleanup after 0.6073s
2026-03-27 15:07:30,882 - core.database - INFO - Tables initialized successfully
2026-03-27 15:07:30,882 - core.database - DEBUG - [DB_OP] Create tables completed in 1.7316s
2026-03-27 15:07:30,940 - core.database - INFO - Lazy database initialization completed successfully
2026-03-27 15:07:30,941 - core.database - DEBUG - [DB_OP] Database session created successfully in 2.0751s
2026-03-27 15:07:30,941 - routers.auth - INFO - [token/exchange] Received platform token exchange request
2026-03-27 15:07:30,941 - routers.auth - DEBUG - [token/exchange] Verifying token with issuer: https://auth.atoms.dev/api/v1/oidc/platform/tokens/verify
2026-03-27 15:07:30,968 - httpcore.connection - DEBUG - connect_tcp.started host='auth.atoms.dev' port=443 local_address=None timeout=5.0 socket_options=None
2026-03-27 15:07:30,980 - httpcore.connection - DEBUG - connect_tcp.complete return_value=<httpcore._backends.anyio.AnyIOStream object at 0x7f7b0ae29ab0>
2026-03-27 15:07:30,981 - httpcore.connection - DEBUG - start_tls.started ssl_context=<ssl.SSLContext object at 0x7f7b0b75be40> server_hostname='auth.atoms.dev' timeout=5.0
2026-03-27 15:07:31,032 - httpcore.connection - DEBUG - start_tls.complete return_value=<httpcore._backends.anyio.AnyIOStream object at 0x7f7b0ae2b730>
2026-03-27 15:07:31,033 - httpcore.http11 - DEBUG - send_request_headers.started request=<Request [b'POST']>
2026-03-27 15:07:31,034 - httpcore.http11 - DEBUG - send_request_headers.complete
2026-03-27 15:07:31,034 - httpcore.http11 - DEBUG - send_request_body.started request=<Request [b'POST']>
2026-03-27 15:07:31,034 - httpcore.http11 - DEBUG - send_request_body.complete
2026-03-27 15:07:31,034 - httpcore.http11 - DEBUG - receive_response_headers.started request=<Request [b'POST']>
2026-03-27 15:07:31,133 - httpcore.http11 - DEBUG - receive_response_headers.complete return_value=(b'HTTP/1.1', 200, b'OK', [(b'Date', b'Fri, 27 Mar 2026 22:07:31 GMT'), (b'Content-Type', b'application/json'), (b'Transfer-Encoding', b'chunked'), (b'Connection', b'keep-alive'), (b'x-response-time', b'0.001s'), (b'x-request-id', b'404bc639e6b5e9be78e89f78609de145'), (b'cf-cache-status', b'DYNAMIC'), (b'Content-Encoding', b'gzip'), (b'Server', b'cloudflare'), (b'CF-RAY', b'9e31b55afd592af3-LAX')])
2026-03-27 15:07:31,134 - httpx - INFO - HTTP Request: POST https://auth.atoms.dev/api/v1/oidc/platform/tokens/verify "HTTP/1.1 200 OK"
2026-03-27 15:07:31,134 - httpcore.http11 - DEBUG - receive_response_body.started request=<Request [b'POST']>
2026-03-27 15:07:31,135 - httpcore.http11 - DEBUG - receive_response_body.complete
2026-03-27 15:07:31,135 - httpcore.http11 - DEBUG - response_closed.started
2026-03-27 15:07:31,135 - httpcore.http11 - DEBUG - response_closed.complete
2026-03-27 15:07:31,135 - httpcore.connection - DEBUG - close.started
2026-03-27 15:07:31,136 - httpcore.connection - DEBUG - close.complete
2026-03-27 15:07:31,136 - routers.auth - DEBUG - [token/exchange] Issuer response status: 200
2026-03-27 15:07:31,136 - routers.auth - DEBUG - [token/exchange] Issuer response body: {'success': True, 'data': {'exp': 1777204171, 'user_id': 1058562, 'email': 'ellosbruno27@gmail.com', 'pv': 0}, 'message': 'Platform token verified', 'code': 0, 'timestamp': '2026-03-27T22:07:31.127884'}
2026-03-27 15:07:31,137 - routers.auth - INFO - [token/exchange] Token verified, platform_user_id=1058562, email=ellosbruno27@gmail.com
2026-03-27 15:07:31,137 - routers.auth - INFO - [token/exchange] User verified: platform_user_id=1058562, role=admin
2026-03-27 15:07:31,137 - routers.auth - DEBUG - [token/exchange] User object for token issuance: id=1058562, email=ellosbruno27@gmail.com, role=admin
2026-03-27 15:07:31,137 - core.auth - DEBUG - Authentication token created for user hash: 7f624612
2026-03-27 15:07:31,137 - routers.auth - INFO - [token/exchange] Token issued successfully for user_id=1058562, expires_at=2026-04-26 22:07:31.137484+00:00
2026-03-27 15:07:31,138 - core.database - DEBUG - [DB_OP] Database session cleanup after 2.2721s
2026-03-27 15:11:00,831 - services.database - DEBUG - [DB_OP] Starting database close
2026-03-27 15:11:00,893 - core.database - INFO - Database connection closed and engine disposed
2026-03-27 15:11:00,893 - services.database - INFO - Database connections closed
2026-03-27 15:11:00,893 - services.database - DEBUG - [DB_OP] Database close completed in 0.0621s
