2026-03-27 12:36:39,497 - main - INFO - === Logging system initialized ===
2026-03-27 12:36:39,498 - main - INFO - Log file: logs/app_20260327_123639.log
2026-03-27 12:36:39,499 - main - INFO - Log level: INFO
2026-03-27 12:36:39,499 - main - INFO - Timestamp: 20260327_123639
2026-03-27 12:36:39,593 - main - INFO - Included router: routers.afiliados.router
2026-03-27 12:36:40,441 - main - INFO - Included router: routers.aihub.router
2026-03-27 12:36:40,462 - main - INFO - Included router: routers.auth.router
2026-03-27 12:36:40,510 - main - INFO - Included router: routers.bancos.router
2026-03-27 12:36:40,554 - main - INFO - Included router: routers.categorias_afiliados.router
2026-03-27 12:36:40,670 - main - INFO - Included router: routers.corretores.router
2026-03-27 12:36:40,673 - main - INFO - Included router: routers.health.router
2026-03-27 12:36:40,721 - main - INFO - Included router: routers.landing_pages.router
2026-03-27 12:36:40,771 - main - INFO - Included router: routers.leads.router
2026-03-27 12:36:40,824 - main - INFO - Included router: routers.produtos.router
2026-03-27 12:36:40,846 - main - INFO - Included router: routers.settings.router
2026-03-27 12:36:40,886 - main - INFO - Included router: routers.storage.router
2026-03-27 12:36:40,897 - main - INFO - Included router: routers.user.router
2026-03-27 12:36:40,913 - main - INFO - Included router: routers.webhooks.router
2026-03-27 12:36:40,915 - main - INFO - === Application startup initiated ===
2026-03-27 12:36:40,915 - services.database - INFO - Ignore creating tables
2026-03-27 12:36:40,916 - services.mock_data - INFO - Ignore initialize data
2026-03-27 12:36:40,917 - services.auth - INFO - Ignore initialize admin
2026-03-27 12:36:40,917 - main - INFO - === Application startup completed successfully ===
2026-03-27 12:39:56,570 - core.database - DEBUG - [DB_OP] Starting get_db session creation
2026-03-27 12:39:56,571 - core.database - WARNING - Database session maker not available, attempting lazy initialization...
2026-03-27 12:39:56,571 - core.database - WARNING - Database not initialized, attempting lazy initialization...
2026-03-27 12:39:56,571 - core.database - INFO - Starting database initialization...
2026-03-27 12:39:56,571 - core.config - DEBUG - Read dynamic attribute database_url from environment variable DATABASE_URL
2026-03-27 12:39:56,571 - core.database - INFO - Normalizing database URL for async compatibility...
2026-03-27 12:39:56,573 - core.database - INFO - Creating async database engine...
2026-03-27 12:39:56,573 - core.database - INFO - Using QueuePool with connection pooling for non-Lambda environment
2026-03-27 12:39:56,629 - core.database - INFO - Database engine created successfully
2026-03-27 12:39:56,629 - core.database - INFO - Creating async session maker...
2026-03-27 12:39:56,629 - core.database - INFO - Async session maker created successfully
2026-03-27 12:39:56,629 - core.database - INFO - Database connection initialized successfully
2026-03-27 12:39:56,630 - core.database - DEBUG - [DB_OP] Starting create_tables
2026-03-27 12:39:56,630 - core.database - INFO - 🔧 Starting table creation...
2026-03-27 12:39:56,638 - core.database - DEBUG - [DB_OP] Starting get_db session creation
2026-03-27 12:39:56,639 - core.database - DEBUG - [DB_OP] Database session created successfully in 0.0004s
2026-03-27 12:39:56,639 - routers.landing_pages - DEBUG - Querying landing_pagess: query={}, sort=-created_at, skip=0, limit=100, fields=None
2026-03-27 12:39:56,644 - core.database - DEBUG - [DB_OP] Starting get_db session creation
2026-03-27 12:39:56,645 - core.database - DEBUG - [DB_OP] Database session created successfully in 0.0008s
2026-03-27 12:39:56,646 - routers.corretores - DEBUG - Querying corretoress: query={}, sort=-created_at, skip=0, limit=100, fields=None
2026-03-27 12:39:56,652 - core.database - DEBUG - [DB_OP] Starting get_db session creation
2026-03-27 12:39:56,652 - core.database - DEBUG - [DB_OP] Database session created successfully in 0.0006s
2026-03-27 12:39:56,653 - routers.leads - DEBUG - Querying leadss: query={}, sort=-created_at, skip=0, limit=500, fields=None
2026-03-27 12:39:56,659 - core.database - DEBUG - [DB_OP] Starting get_db session creation
2026-03-27 12:39:56,659 - core.database - DEBUG - [DB_OP] Database session created successfully in 0.0003s
2026-03-27 12:39:56,659 - routers.bancos - DEBUG - Querying bancoss: query={}, sort=nome, skip=0, limit=100, fields=None
2026-03-27 12:39:56,663 - core.database - DEBUG - [DB_OP] Starting get_db session creation
2026-03-27 12:39:56,663 - core.database - DEBUG - [DB_OP] Database session created successfully in 0.0002s
2026-03-27 12:39:56,663 - routers.produtos - DEBUG - Querying produtoss: query={}, sort=-created_at, skip=0, limit=100, fields=None
2026-03-27 12:39:58,024 - routers.produtos - DEBUG - Found 6 produtoss
2026-03-27 12:39:58,025 - core.database - DEBUG - [DB_OP] Database session cleanup after 1.3622s
2026-03-27 12:39:58,027 - routers.landing_pages - DEBUG - Found 10 landing_pagess
2026-03-27 12:39:58,027 - core.database - DEBUG - [DB_OP] Database session cleanup after 1.3889s
2026-03-27 12:39:58,028 - routers.bancos - DEBUG - Found 6 bancoss
2026-03-27 12:39:58,028 - core.database - DEBUG - [DB_OP] Database session cleanup after 1.3697s
2026-03-27 12:39:58,029 - routers.corretores - DEBUG - Found 4 corretoress
2026-03-27 12:39:58,029 - core.database - DEBUG - [DB_OP] Database session cleanup after 1.3847s
2026-03-27 12:39:58,088 - routers.leads - DEBUG - Found 10 leadss
2026-03-27 12:39:58,089 - core.database - DEBUG - [DB_OP] Database session cleanup after 1.4378s
2026-03-27 12:39:58,372 - core.database - INFO - Tables initialized successfully
2026-03-27 12:39:58,373 - core.database - DEBUG - [DB_OP] Create tables completed in 1.7430s
2026-03-27 12:39:58,432 - core.database - INFO - Lazy database initialization completed successfully
2026-03-27 12:39:58,433 - core.database - DEBUG - [DB_OP] Database session created successfully in 1.8626s
2026-03-27 12:39:58,433 - routers.categorias_afiliados - DEBUG - Querying categorias_afiliadoss: query={}, sort=nome, skip=0, limit=100, fields=None
2026-03-27 12:39:58,967 - routers.categorias_afiliados - DEBUG - Found 8 categorias_afiliadoss
2026-03-27 12:39:58,968 - core.database - DEBUG - [DB_OP] Database session cleanup after 2.3974s
2026-03-27 12:41:39,788 - core.database - DEBUG - [DB_OP] Starting get_db session creation
2026-03-27 12:41:39,788 - core.database - DEBUG - [DB_OP] Database session created successfully in 0.0006s
2026-03-27 12:41:39,789 - routers.bancos - DEBUG - Querying bancoss: query={}, sort=nome, skip=0, limit=100, fields=None
2026-03-27 12:41:39,791 - core.database - DEBUG - [DB_OP] Starting get_db session creation
2026-03-27 12:41:39,792 - core.database - DEBUG - [DB_OP] Database session created successfully in 0.0004s
2026-03-27 12:41:39,792 - routers.landing_pages - DEBUG - Querying landing_pagess: query={}, sort=-created_at, skip=0, limit=100, fields=None
2026-03-27 12:41:39,794 - core.database - DEBUG - [DB_OP] Starting get_db session creation
2026-03-27 12:41:39,795 - core.database - DEBUG - [DB_OP] Database session created successfully in 0.0003s
2026-03-27 12:41:39,795 - routers.leads - DEBUG - Querying leadss: query={}, sort=-created_at, skip=0, limit=500, fields=None
2026-03-27 12:41:39,797 - core.database - DEBUG - [DB_OP] Starting get_db session creation
2026-03-27 12:41:39,797 - core.database - DEBUG - [DB_OP] Database session created successfully in 0.0002s
2026-03-27 12:41:39,797 - routers.corretores - DEBUG - Querying corretoress: query={}, sort=-created_at, skip=0, limit=100, fields=None
2026-03-27 12:41:39,799 - core.database - DEBUG - [DB_OP] Starting get_db session creation
2026-03-27 12:41:39,799 - core.database - DEBUG - [DB_OP] Database session created successfully in 0.0005s
2026-03-27 12:41:39,800 - routers.categorias_afiliados - DEBUG - Querying categorias_afiliadoss: query={}, sort=nome, skip=0, limit=100, fields=None
2026-03-27 12:41:39,802 - core.database - DEBUG - [DB_OP] Starting get_db session creation
2026-03-27 12:41:39,802 - core.database - DEBUG - [DB_OP] Database session created successfully in 0.0002s
2026-03-27 12:41:39,803 - routers.produtos - DEBUG - Querying produtoss: query={}, sort=-created_at, skip=0, limit=100, fields=None
2026-03-27 12:41:40,156 - routers.produtos - DEBUG - Found 6 produtoss
2026-03-27 12:41:40,157 - core.database - DEBUG - [DB_OP] Database session cleanup after 0.3550s
2026-03-27 12:41:40,213 - routers.bancos - DEBUG - Found 6 bancoss
2026-03-27 12:41:40,214 - core.database - DEBUG - [DB_OP] Database session cleanup after 0.4258s
2026-03-27 12:41:40,270 - routers.landing_pages - DEBUG - Found 10 landing_pagess
2026-03-27 12:41:40,271 - core.database - DEBUG - [DB_OP] Database session cleanup after 0.4797s
2026-03-27 12:41:40,340 - routers.corretores - DEBUG - Found 4 corretoress
2026-03-27 12:41:40,341 - core.database - DEBUG - [DB_OP] Database session cleanup after 0.5446s
2026-03-27 12:41:40,397 - routers.categorias_afiliados - DEBUG - Found 8 categorias_afiliadoss
2026-03-27 12:41:40,398 - core.database - DEBUG - [DB_OP] Database session cleanup after 0.5999s
2026-03-27 12:41:40,400 - routers.leads - DEBUG - Found 10 leadss
2026-03-27 12:41:40,401 - core.database - DEBUG - [DB_OP] Database session cleanup after 0.6066s
2026-03-27 12:44:35,209 - core.database - DEBUG - [DB_OP] Starting get_db session creation
2026-03-27 12:44:35,210 - core.database - DEBUG - [DB_OP] Database session created successfully in 0.0006s
2026-03-27 12:44:35,211 - routers.corretores - DEBUG - Querying corretoress: query={}, sort=-created_at, skip=0, limit=100, fields=None
2026-03-27 12:44:35,212 - core.database - DEBUG - [DB_OP] Starting get_db session creation
2026-03-27 12:44:35,213 - core.database - DEBUG - [DB_OP] Database session created successfully in 0.0003s
2026-03-27 12:44:35,213 - routers.bancos - DEBUG - Querying bancoss: query={}, sort=nome, skip=0, limit=100, fields=None
2026-03-27 12:44:35,216 - core.database - DEBUG - [DB_OP] Starting get_db session creation
2026-03-27 12:44:35,216 - core.database - DEBUG - [DB_OP] Database session created successfully in 0.0002s
2026-03-27 12:44:35,216 - routers.leads - DEBUG - Querying leadss: query={}, sort=-created_at, skip=0, limit=500, fields=None
2026-03-27 12:44:35,217 - core.database - DEBUG - [DB_OP] Starting get_db session creation
2026-03-27 12:44:35,218 - core.database - DEBUG - [DB_OP] Database session created successfully in 0.0002s
2026-03-27 12:44:35,218 - routers.landing_pages - DEBUG - Querying landing_pagess: query={}, sort=-created_at, skip=0, limit=100, fields=None
2026-03-27 12:44:35,219 - core.database - DEBUG - [DB_OP] Starting get_db session creation
2026-03-27 12:44:35,219 - core.database - DEBUG - [DB_OP] Database session created successfully in 0.0002s
2026-03-27 12:44:35,219 - routers.produtos - DEBUG - Querying produtoss: query={}, sort=-created_at, skip=0, limit=100, fields=None
2026-03-27 12:44:35,220 - core.database - DEBUG - [DB_OP] Starting get_db session creation
2026-03-27 12:44:35,220 - core.database - DEBUG - [DB_OP] Database session created successfully in 0.0002s
2026-03-27 12:44:35,220 - routers.categorias_afiliados - DEBUG - Querying categorias_afiliadoss: query={}, sort=nome, skip=0, limit=100, fields=None
2026-03-27 12:44:35,572 - routers.bancos - DEBUG - Found 6 bancoss
2026-03-27 12:44:35,574 - core.database - DEBUG - [DB_OP] Database session cleanup after 0.3617s
2026-03-27 12:44:35,690 - routers.corretores - DEBUG - Found 4 corretoress
2026-03-27 12:44:35,691 - core.database - DEBUG - [DB_OP] Database session cleanup after 0.4819s
2026-03-27 12:44:35,695 - routers.produtos - DEBUG - Found 6 produtoss
2026-03-27 12:44:35,696 - core.database - DEBUG - [DB_OP] Database session cleanup after 0.4777s
2026-03-27 12:44:35,697 - routers.categorias_afiliados - DEBUG - Found 8 categorias_afiliadoss
2026-03-27 12:44:35,698 - core.database - DEBUG - [DB_OP] Database session cleanup after 0.4781s
2026-03-27 12:44:35,698 - routers.landing_pages - DEBUG - Found 10 landing_pagess
2026-03-27 12:44:35,699 - core.database - DEBUG - [DB_OP] Database session cleanup after 0.4811s
2026-03-27 12:44:35,755 - routers.leads - DEBUG - Found 10 leadss
2026-03-27 12:44:35,757 - core.database - DEBUG - [DB_OP] Database session cleanup after 0.5412s
2026-03-27 12:45:10,406 - core.database - DEBUG - [DB_OP] Starting get_db session creation
2026-03-27 12:45:10,406 - core.database - DEBUG - [DB_OP] Database session created successfully in 0.0005s
2026-03-27 12:45:10,407 - routers.leads - DEBUG - Querying leadss: query={}, sort=-created_at, skip=0, limit=500, fields=None
2026-03-27 12:45:10,408 - core.database - DEBUG - [DB_OP] Starting get_db session creation
2026-03-27 12:45:10,408 - core.database - DEBUG - [DB_OP] Database session created successfully in 0.0002s
2026-03-27 12:45:10,409 - routers.corretores - DEBUG - Querying corretoress: query={}, sort=-created_at, skip=0, limit=100, fields=None
2026-03-27 12:45:10,410 - core.database - DEBUG - [DB_OP] Starting get_db session creation
2026-03-27 12:45:10,410 - core.database - DEBUG - [DB_OP] Database session created successfully in 0.0002s
2026-03-27 12:45:10,410 - routers.landing_pages - DEBUG - Querying landing_pagess: query={}, sort=-created_at, skip=0, limit=100, fields=None
2026-03-27 12:45:10,411 - core.database - DEBUG - [DB_OP] Starting get_db session creation
2026-03-27 12:45:10,411 - core.database - DEBUG - [DB_OP] Database session created successfully in 0.0001s
2026-03-27 12:45:10,411 - routers.produtos - DEBUG - Querying produtoss: query={}, sort=-created_at, skip=0, limit=100, fields=None
2026-03-27 12:45:10,412 - core.database - DEBUG - [DB_OP] Starting get_db session creation
2026-03-27 12:45:10,412 - core.database - DEBUG - [DB_OP] Database session created successfully in 0.0002s
2026-03-27 12:45:10,413 - routers.categorias_afiliados - DEBUG - Querying categorias_afiliadoss: query={}, sort=nome, skip=0, limit=100, fields=None
2026-03-27 12:45:10,414 - core.database - DEBUG - [DB_OP] Starting get_db session creation
2026-03-27 12:45:10,414 - core.database - DEBUG - [DB_OP] Database session created successfully in 0.0003s
2026-03-27 12:45:10,414 - routers.bancos - DEBUG - Querying bancoss: query={}, sort=nome, skip=0, limit=100, fields=None
2026-03-27 12:45:10,884 - routers.corretores - DEBUG - Found 4 corretoress
2026-03-27 12:45:10,885 - core.database - DEBUG - [DB_OP] Database session cleanup after 0.4774s
2026-03-27 12:45:10,888 - routers.landing_pages - DEBUG - Found 10 landing_pagess
2026-03-27 12:45:10,889 - core.database - DEBUG - [DB_OP] Database session cleanup after 0.4789s
2026-03-27 12:45:10,889 - routers.bancos - DEBUG - Found 6 bancoss
2026-03-27 12:45:10,890 - core.database - DEBUG - [DB_OP] Database session cleanup after 0.4761s
2026-03-27 12:45:10,890 - routers.produtos - DEBUG - Found 6 produtoss
2026-03-27 12:45:10,891 - core.database - DEBUG - [DB_OP] Database session cleanup after 0.4795s
2026-03-27 12:45:10,892 - routers.categorias_afiliados - DEBUG - Found 8 categorias_afiliadoss
2026-03-27 12:45:10,893 - core.database - DEBUG - [DB_OP] Database session cleanup after 0.4802s
2026-03-27 12:45:10,945 - routers.leads - DEBUG - Found 10 leadss
2026-03-27 12:45:10,946 - core.database - DEBUG - [DB_OP] Database session cleanup after 0.5408s
2026-03-27 12:48:54,871 - core.database - DEBUG - [DB_OP] Starting get_db session creation
2026-03-27 12:48:54,872 - core.database - DEBUG - [DB_OP] Database session created successfully in 0.0005s
2026-03-27 12:48:54,872 - routers.corretores - DEBUG - Querying corretoress: query={}, sort=-created_at, skip=0, limit=100, fields=None
2026-03-27 12:48:54,874 - core.database - DEBUG - [DB_OP] Starting get_db session creation
2026-03-27 12:48:54,874 - core.database - DEBUG - [DB_OP] Database session created successfully in 0.0005s
2026-03-27 12:48:54,875 - routers.produtos - DEBUG - Querying produtoss: query={}, sort=-created_at, skip=0, limit=100, fields=None
2026-03-27 12:48:54,878 - core.database - DEBUG - [DB_OP] Starting get_db session creation
2026-03-27 12:48:54,879 - core.database - DEBUG - [DB_OP] Database session created successfully in 0.0006s
2026-03-27 12:48:54,879 - routers.bancos - DEBUG - Querying bancoss: query={}, sort=nome, skip=0, limit=100, fields=None
2026-03-27 12:48:54,882 - core.database - DEBUG - [DB_OP] Starting get_db session creation
2026-03-27 12:48:54,882 - core.database - DEBUG - [DB_OP] Database session created successfully in 0.0002s
2026-03-27 12:48:54,882 - routers.categorias_afiliados - DEBUG - Querying categorias_afiliadoss: query={}, sort=nome, skip=0, limit=100, fields=None
2026-03-27 12:48:54,883 - core.database - DEBUG - [DB_OP] Starting get_db session creation
2026-03-27 12:48:54,883 - core.database - DEBUG - [DB_OP] Database session created successfully in 0.0002s
2026-03-27 12:48:54,884 - routers.leads - DEBUG - Querying leadss: query={}, sort=-created_at, skip=0, limit=500, fields=None
2026-03-27 12:48:54,884 - core.database - DEBUG - [DB_OP] Starting get_db session creation
2026-03-27 12:48:54,885 - core.database - DEBUG - [DB_OP] Database session created successfully in 0.0002s
2026-03-27 12:48:54,885 - routers.landing_pages - DEBUG - Querying landing_pagess: query={}, sort=-created_at, skip=0, limit=100, fields=None
2026-03-27 12:48:55,228 - routers.corretores - DEBUG - Found 4 corretoress
2026-03-27 12:48:55,229 - core.database - DEBUG - [DB_OP] Database session cleanup after 0.3577s
2026-03-27 12:48:55,360 - routers.categorias_afiliados - DEBUG - Found 8 categorias_afiliadoss
2026-03-27 12:48:55,361 - core.database - DEBUG - [DB_OP] Database session cleanup after 0.4795s
2026-03-27 12:48:55,419 - routers.leads - DEBUG - Found 10 leadss
2026-03-27 12:48:55,419 - core.database - DEBUG - [DB_OP] Database session cleanup after 0.5363s
2026-03-27 12:48:55,470 - routers.produtos - DEBUG - Found 6 produtoss
2026-03-27 12:48:55,472 - core.database - DEBUG - [DB_OP] Database session cleanup after 0.5979s
2026-03-27 12:48:55,475 - routers.bancos - DEBUG - Found 6 bancoss
2026-03-27 12:48:55,476 - core.database - DEBUG - [DB_OP] Database session cleanup after 0.5978s
2026-03-27 12:48:55,536 - routers.landing_pages - DEBUG - Found 10 landing_pagess
2026-03-27 12:48:55,537 - core.database - DEBUG - [DB_OP] Database session cleanup after 0.6524s
2026-03-27 12:49:15,522 - core.database - DEBUG - [DB_OP] Starting get_db session creation
2026-03-27 12:49:15,523 - core.database - DEBUG - [DB_OP] Database session created successfully in 0.0007s
2026-03-27 12:49:15,523 - routers.leads - DEBUG - Querying leadss: query={}, sort=-created_at, skip=0, limit=500, fields=None
2026-03-27 12:49:15,525 - core.database - DEBUG - [DB_OP] Starting get_db session creation
2026-03-27 12:49:15,526 - core.database - DEBUG - [DB_OP] Database session created successfully in 0.0004s
2026-03-27 12:49:15,526 - routers.landing_pages - DEBUG - Querying landing_pagess: query={}, sort=-created_at, skip=0, limit=100, fields=None
2026-03-27 12:49:15,527 - core.database - DEBUG - [DB_OP] Starting get_db session creation
2026-03-27 12:49:15,528 - core.database - DEBUG - [DB_OP] Database session created successfully in 0.0006s
2026-03-27 12:49:15,528 - routers.corretores - DEBUG - Querying corretoress: query={}, sort=-created_at, skip=0, limit=100, fields=None
2026-03-27 12:49:15,531 - core.database - DEBUG - [DB_OP] Starting get_db session creation
2026-03-27 12:49:15,532 - core.database - DEBUG - [DB_OP] Database session created successfully in 0.0004s
2026-03-27 12:49:15,532 - routers.produtos - DEBUG - Querying produtoss: query={}, sort=-created_at, skip=0, limit=100, fields=None
2026-03-27 12:49:15,534 - core.database - DEBUG - [DB_OP] Starting get_db session creation
2026-03-27 12:49:15,535 - core.database - DEBUG - [DB_OP] Database session created successfully in 0.0004s
2026-03-27 12:49:15,535 - routers.categorias_afiliados - DEBUG - Querying categorias_afiliadoss: query={}, sort=nome, skip=0, limit=100, fields=None
2026-03-27 12:49:15,537 - core.database - DEBUG - [DB_OP] Starting get_db session creation
2026-03-27 12:49:15,537 - core.database - DEBUG - [DB_OP] Database session created successfully in 0.0003s
2026-03-27 12:49:15,538 - routers.bancos - DEBUG - Querying bancoss: query={}, sort=nome, skip=0, limit=100, fields=None
2026-03-27 12:49:15,887 - routers.produtos - DEBUG - Found 6 produtoss
2026-03-27 12:49:15,888 - core.database - DEBUG - [DB_OP] Database session cleanup after 0.3565s
2026-03-27 12:49:15,889 - routers.landing_pages - DEBUG - Found 10 landing_pagess
2026-03-27 12:49:15,889 - core.database - DEBUG - [DB_OP] Database session cleanup after 0.3642s
2026-03-27 12:49:15,890 - routers.corretores - DEBUG - Found 4 corretoress
2026-03-27 12:49:15,891 - core.database - DEBUG - [DB_OP] Database session cleanup after 0.3631s
2026-03-27 12:49:15,894 - routers.categorias_afiliados - DEBUG - Found 8 categorias_afiliadoss
2026-03-27 12:49:15,895 - core.database - DEBUG - [DB_OP] Database session cleanup after 0.3602s
2026-03-27 12:49:15,896 - routers.bancos - DEBUG - Found 6 bancoss
2026-03-27 12:49:15,896 - core.database - DEBUG - [DB_OP] Database session cleanup after 0.3588s
2026-03-27 12:49:16,053 - routers.leads - DEBUG - Found 10 leadss
2026-03-27 12:49:16,054 - core.database - DEBUG - [DB_OP] Database session cleanup after 0.5323s
2026-03-27 13:00:21,736 - services.database - DEBUG - [DB_OP] Starting database close
2026-03-27 13:00:21,737 - core.database - INFO - Database connection closed and engine disposed
2026-03-27 13:00:21,737 - services.database - INFO - Database connections closed
2026-03-27 13:00:21,738 - services.database - DEBUG - [DB_OP] Database close completed in 0.0021s
