2026-03-29 12:55:55,719 - main - INFO - === Logging system initialized ===
2026-03-29 12:55:55,719 - main - INFO - Log file: logs/app_20260329_125555.log
2026-03-29 12:55:55,719 - main - INFO - Log level: INFO
2026-03-29 12:55:55,720 - main - INFO - Timestamp: 20260329_125555
2026-03-29 12:55:55,797 - main - INFO - Included router: routers.afiliados.router
2026-03-29 12:55:56,500 - main - INFO - Included router: routers.aihub.router
2026-03-29 12:55:56,521 - main - INFO - Included router: routers.auth.router
2026-03-29 12:55:56,560 - main - INFO - Included router: routers.bancos.router
2026-03-29 12:55:56,599 - main - INFO - Included router: routers.categorias_afiliados.router
2026-03-29 12:55:56,800 - main - INFO - Included router: routers.corretores.router
2026-03-29 12:55:56,818 - main - INFO - Included router: routers.health.router
2026-03-29 12:55:56,878 - main - INFO - Included router: routers.landing_pages.router
2026-03-29 12:55:56,932 - main - INFO - Included router: routers.leads.router
2026-03-29 12:55:56,986 - main - INFO - Included router: routers.produtos.router
2026-03-29 12:55:57,008 - main - INFO - Included router: routers.settings.router
2026-03-29 12:55:57,073 - main - INFO - Included router: routers.storage.router
2026-03-29 12:55:57,083 - main - INFO - Included router: routers.user.router
2026-03-29 12:55:57,098 - main - INFO - Included router: routers.webhooks.router
2026-03-29 12:55:57,099 - main - INFO - === Application startup initiated ===
2026-03-29 12:55:57,100 - services.database - INFO - Ignore creating tables
2026-03-29 12:55:57,100 - services.mock_data - INFO - Ignore initialize data
2026-03-29 12:55:57,100 - services.auth - INFO - Ignore initialize admin
2026-03-29 12:55:57,100 - main - INFO - === Application startup completed successfully ===
2026-03-29 12:56:02,239 - core.database - DEBUG - [DB_OP] Starting get_db session creation
2026-03-29 12:56:02,240 - core.database - WARNING - Database session maker not available, attempting lazy initialization...
2026-03-29 12:56:02,240 - core.database - WARNING - Database not initialized, attempting lazy initialization...
2026-03-29 12:56:02,240 - core.database - INFO - Starting database initialization...
2026-03-29 12:56:02,240 - core.config - DEBUG - Read dynamic attribute database_url from environment variable DATABASE_URL
2026-03-29 12:56:02,240 - core.database - INFO - Normalizing database URL for async compatibility...
2026-03-29 12:56:02,241 - core.database - INFO - Creating async database engine...
2026-03-29 12:56:02,241 - core.database - INFO - Using QueuePool with connection pooling for non-Lambda environment
2026-03-29 12:56:02,300 - core.database - INFO - Database engine created successfully
2026-03-29 12:56:02,300 - core.database - INFO - Creating async session maker...
2026-03-29 12:56:02,300 - core.database - INFO - Async session maker created successfully
2026-03-29 12:56:02,300 - core.database - INFO - Database connection initialized successfully
2026-03-29 12:56:02,301 - core.database - DEBUG - [DB_OP] Starting create_tables
2026-03-29 12:56:02,301 - core.database - INFO - 🔧 Starting table creation...
2026-03-29 12:56:02,308 - core.database - DEBUG - [DB_OP] Starting get_db session creation
2026-03-29 12:56:02,309 - core.database - DEBUG - [DB_OP] Database session created successfully in 0.0006s
2026-03-29 12:56:02,309 - routers.landing_pages - DEBUG - Querying landing_pagess: query={}, sort=-created_at, skip=0, limit=100, fields=None
2026-03-29 12:56:02,317 - core.database - DEBUG - [DB_OP] Starting get_db session creation
2026-03-29 12:56:02,317 - core.database - DEBUG - [DB_OP] Database session created successfully in 0.0004s
2026-03-29 12:56:02,318 - routers.bancos - DEBUG - Querying bancoss: query={}, sort=nome, skip=0, limit=100, fields=None
2026-03-29 12:56:02,323 - core.database - DEBUG - [DB_OP] Starting get_db session creation
2026-03-29 12:56:02,323 - core.database - DEBUG - [DB_OP] Database session created successfully in 0.0003s
2026-03-29 12:56:02,324 - routers.corretores - DEBUG - Querying corretoress: query={}, sort=-created_at, skip=0, limit=100, fields=None
2026-03-29 12:56:02,330 - core.database - DEBUG - [DB_OP] Starting get_db session creation
2026-03-29 12:56:02,331 - core.database - DEBUG - [DB_OP] Database session created successfully in 0.0006s
2026-03-29 12:56:02,332 - routers.categorias_afiliados - DEBUG - Querying categorias_afiliadoss: query={}, sort=nome, skip=0, limit=100, fields=None
2026-03-29 12:56:02,340 - core.database - DEBUG - [DB_OP] Starting get_db session creation
2026-03-29 12:56:02,340 - core.database - DEBUG - [DB_OP] Database session created successfully in 0.0006s
2026-03-29 12:56:02,341 - routers.produtos - DEBUG - Querying produtoss: query={}, sort=-created_at, skip=0, limit=100, fields=None
2026-03-29 12:56:03,698 - routers.landing_pages - DEBUG - Found 10 landing_pagess
2026-03-29 12:56:03,699 - core.database - DEBUG - [DB_OP] Database session cleanup after 1.3907s
2026-03-29 12:56:03,702 - routers.corretores - DEBUG - Found 4 corretoress
2026-03-29 12:56:03,702 - core.database - DEBUG - [DB_OP] Database session cleanup after 1.3794s
2026-03-29 12:56:03,703 - routers.categorias_afiliados - DEBUG - Found 8 categorias_afiliadoss
2026-03-29 12:56:03,703 - core.database - DEBUG - [DB_OP] Database session cleanup after 1.3730s
2026-03-29 12:56:03,704 - routers.bancos - DEBUG - Found 6 bancoss
2026-03-29 12:56:03,705 - core.database - DEBUG - [DB_OP] Database session cleanup after 1.3882s
2026-03-29 12:56:03,707 - routers.produtos - DEBUG - Found 6 produtoss
2026-03-29 12:56:03,708 - core.database - DEBUG - [DB_OP] Database session cleanup after 1.3686s
2026-03-29 12:56:04,039 - core.database - INFO - Tables initialized successfully
2026-03-29 12:56:04,040 - core.database - DEBUG - [DB_OP] Create tables completed in 1.7392s
2026-03-29 12:56:04,099 - core.database - INFO - Lazy database initialization completed successfully
2026-03-29 12:56:04,100 - core.database - DEBUG - [DB_OP] Database session created successfully in 1.8609s
2026-03-29 12:56:04,101 - routers.leads - DEBUG - Querying leadss: query={}, sort=-created_at, skip=0, limit=500, fields=None
2026-03-29 12:56:04,694 - routers.leads - DEBUG - Found 10 leadss
2026-03-29 12:56:04,697 - core.database - DEBUG - [DB_OP] Database session cleanup after 2.4578s
2026-03-29 12:56:39,762 - core.database - DEBUG - [DB_OP] Starting get_db session creation
2026-03-29 12:56:39,763 - core.database - DEBUG - [DB_OP] Database session created successfully in 0.0005s
2026-03-29 12:56:39,763 - routers.leads - DEBUG - Querying leadss: query={}, sort=-created_at, skip=0, limit=500, fields=None
2026-03-29 12:56:39,766 - core.database - DEBUG - [DB_OP] Starting get_db session creation
2026-03-29 12:56:39,766 - core.database - DEBUG - [DB_OP] Database session created successfully in 0.0008s
2026-03-29 12:56:39,767 - routers.corretores - DEBUG - Querying corretoress: query={}, sort=-created_at, skip=0, limit=100, fields=None
2026-03-29 12:56:39,769 - core.database - DEBUG - [DB_OP] Starting get_db session creation
2026-03-29 12:56:39,769 - core.database - DEBUG - [DB_OP] Database session created successfully in 0.0003s
2026-03-29 12:56:39,769 - routers.produtos - DEBUG - Querying produtoss: query={}, sort=-created_at, skip=0, limit=100, fields=None
2026-03-29 12:56:39,771 - core.database - DEBUG - [DB_OP] Starting get_db session creation
2026-03-29 12:56:39,771 - core.database - DEBUG - [DB_OP] Database session created successfully in 0.0002s
2026-03-29 12:56:39,771 - routers.landing_pages - DEBUG - Querying landing_pagess: query={}, sort=-created_at, skip=0, limit=100, fields=None
2026-03-29 12:56:39,773 - core.database - DEBUG - [DB_OP] Starting get_db session creation
2026-03-29 12:56:39,773 - core.database - DEBUG - [DB_OP] Database session created successfully in 0.0002s
2026-03-29 12:56:39,773 - routers.bancos - DEBUG - Querying bancoss: query={}, sort=nome, skip=0, limit=100, fields=None
2026-03-29 12:56:39,782 - core.database - DEBUG - [DB_OP] Starting get_db session creation
2026-03-29 12:56:39,782 - core.database - DEBUG - [DB_OP] Database session created successfully in 0.0005s
2026-03-29 12:56:39,783 - routers.categorias_afiliados - DEBUG - Querying categorias_afiliadoss: query={}, sort=nome, skip=0, limit=100, fields=None
2026-03-29 12:56:40,297 - routers.corretores - DEBUG - Found 4 corretoress
2026-03-29 12:56:40,298 - core.database - DEBUG - [DB_OP] Database session cleanup after 0.5323s
2026-03-29 12:56:40,299 - routers.produtos - DEBUG - Found 6 produtoss
2026-03-29 12:56:40,299 - core.database - DEBUG - [DB_OP] Database session cleanup after 0.5306s
2026-03-29 12:56:40,301 - routers.bancos - DEBUG - Found 6 bancoss
2026-03-29 12:56:40,302 - core.database - DEBUG - [DB_OP] Database session cleanup after 0.5289s
2026-03-29 12:56:40,315 - routers.categorias_afiliados - DEBUG - Found 8 categorias_afiliadoss
2026-03-29 12:56:40,315 - core.database - DEBUG - [DB_OP] Database session cleanup after 0.5336s
2026-03-29 12:56:40,371 - routers.leads - DEBUG - Found 10 leadss
2026-03-29 12:56:40,372 - core.database - DEBUG - [DB_OP] Database session cleanup after 0.6095s
2026-03-29 12:56:40,372 - routers.landing_pages - DEBUG - Found 10 landing_pagess
2026-03-29 12:56:40,373 - core.database - DEBUG - [DB_OP] Database session cleanup after 0.6026s
2026-03-29 12:57:13,822 - core.database - DEBUG - [DB_OP] Starting get_db session creation
2026-03-29 12:57:13,823 - core.database - DEBUG - [DB_OP] Database session created successfully in 0.0005s
2026-03-29 12:57:13,823 - routers.landing_pages - DEBUG - Querying landing_pagess: query={}, sort=-created_at, skip=0, limit=100, fields=None
2026-03-29 12:57:13,824 - core.database - DEBUG - [DB_OP] Starting get_db session creation
2026-03-29 12:57:13,825 - core.database - DEBUG - [DB_OP] Database session created successfully in 0.0002s
2026-03-29 12:57:13,825 - routers.leads - DEBUG - Querying leadss: query={}, sort=-created_at, skip=0, limit=500, fields=None
2026-03-29 12:57:13,826 - core.database - DEBUG - [DB_OP] Starting get_db session creation
2026-03-29 12:57:13,826 - core.database - DEBUG - [DB_OP] Database session created successfully in 0.0001s
2026-03-29 12:57:13,826 - routers.produtos - DEBUG - Querying produtoss: query={}, sort=-created_at, skip=0, limit=100, fields=None
2026-03-29 12:57:13,827 - core.database - DEBUG - [DB_OP] Starting get_db session creation
2026-03-29 12:57:13,827 - core.database - DEBUG - [DB_OP] Database session created successfully in 0.0001s
2026-03-29 12:57:13,827 - routers.corretores - DEBUG - Querying corretoress: query={}, sort=-created_at, skip=0, limit=100, fields=None
2026-03-29 12:57:13,828 - core.database - DEBUG - [DB_OP] Starting get_db session creation
2026-03-29 12:57:13,828 - core.database - DEBUG - [DB_OP] Database session created successfully in 0.0002s
2026-03-29 12:57:13,829 - routers.bancos - DEBUG - Querying bancoss: query={}, sort=nome, skip=0, limit=100, fields=None
2026-03-29 12:57:13,829 - core.database - DEBUG - [DB_OP] Starting get_db session creation
2026-03-29 12:57:13,829 - core.database - DEBUG - [DB_OP] Database session created successfully in 0.0001s
2026-03-29 12:57:13,830 - routers.categorias_afiliados - DEBUG - Querying categorias_afiliadoss: query={}, sort=nome, skip=0, limit=100, fields=None
2026-03-29 12:57:14,301 - routers.produtos - DEBUG - Found 6 produtoss
2026-03-29 12:57:14,303 - core.database - DEBUG - [DB_OP] Database session cleanup after 0.4770s
2026-03-29 12:57:14,304 - routers.corretores - DEBUG - Found 4 corretoress
2026-03-29 12:57:14,305 - core.database - DEBUG - [DB_OP] Database session cleanup after 0.4780s
2026-03-29 12:57:14,306 - routers.bancos - DEBUG - Found 6 bancoss
2026-03-29 12:57:14,307 - core.database - DEBUG - [DB_OP] Database session cleanup after 0.4787s
2026-03-29 12:57:14,308 - routers.categorias_afiliados - DEBUG - Found 8 categorias_afiliadoss
2026-03-29 12:57:14,310 - core.database - DEBUG - [DB_OP] Database session cleanup after 0.4804s
2026-03-29 12:57:14,355 - routers.landing_pages - DEBUG - Found 10 landing_pagess
2026-03-29 12:57:14,356 - core.database - DEBUG - [DB_OP] Database session cleanup after 0.5342s
2026-03-29 12:57:14,362 - routers.leads - DEBUG - Found 10 leadss
2026-03-29 12:57:14,363 - core.database - DEBUG - [DB_OP] Database session cleanup after 0.5383s
2026-03-29 12:57:34,785 - core.database - DEBUG - [DB_OP] Starting get_db session creation
2026-03-29 12:57:34,786 - core.database - DEBUG - [DB_OP] Database session created successfully in 0.0006s
2026-03-29 12:57:34,786 - routers.leads - DEBUG - Querying leadss: query={}, sort=-created_at, skip=0, limit=500, fields=None
2026-03-29 12:57:34,788 - core.database - DEBUG - [DB_OP] Starting get_db session creation
2026-03-29 12:57:34,788 - core.database - DEBUG - [DB_OP] Database session created successfully in 0.0003s
2026-03-29 12:57:34,788 - routers.bancos - DEBUG - Querying bancoss: query={}, sort=nome, skip=0, limit=100, fields=None
2026-03-29 12:57:34,789 - core.database - DEBUG - [DB_OP] Starting get_db session creation
2026-03-29 12:57:34,789 - core.database - DEBUG - [DB_OP] Database session created successfully in 0.0002s
2026-03-29 12:57:34,790 - routers.produtos - DEBUG - Querying produtoss: query={}, sort=-created_at, skip=0, limit=100, fields=None
2026-03-29 12:57:34,790 - core.database - DEBUG - [DB_OP] Starting get_db session creation
2026-03-29 12:57:34,791 - core.database - DEBUG - [DB_OP] Database session created successfully in 0.0004s
2026-03-29 12:57:34,791 - routers.categorias_afiliados - DEBUG - Querying categorias_afiliadoss: query={}, sort=nome, skip=0, limit=100, fields=None
2026-03-29 12:57:34,800 - core.database - DEBUG - [DB_OP] Starting get_db session creation
2026-03-29 12:57:34,800 - core.database - DEBUG - [DB_OP] Database session created successfully in 0.0004s
2026-03-29 12:57:34,801 - routers.landing_pages - DEBUG - Querying landing_pagess: query={}, sort=-created_at, skip=0, limit=100, fields=None
2026-03-29 12:57:34,943 - core.database - DEBUG - [DB_OP] Starting get_db session creation
2026-03-29 12:57:34,944 - core.database - DEBUG - [DB_OP] Database session created successfully in 0.0007s
2026-03-29 12:57:34,944 - routers.corretores - DEBUG - Querying corretoress: query={}, sort=-created_at, skip=0, limit=100, fields=None
2026-03-29 12:57:35,145 - routers.bancos - DEBUG - Found 6 bancoss
2026-03-29 12:57:35,145 - core.database - DEBUG - [DB_OP] Database session cleanup after 0.3577s
2026-03-29 12:57:35,146 - routers.categorias_afiliados - DEBUG - Found 8 categorias_afiliadoss
2026-03-29 12:57:35,147 - core.database - DEBUG - [DB_OP] Database session cleanup after 0.3565s
2026-03-29 12:57:35,215 - routers.landing_pages - DEBUG - Found 10 landing_pagess
2026-03-29 12:57:35,217 - core.database - DEBUG - [DB_OP] Database session cleanup after 0.4169s
2026-03-29 12:57:35,264 - routers.produtos - DEBUG - Found 6 produtoss
2026-03-29 12:57:35,266 - core.database - DEBUG - [DB_OP] Database session cleanup after 0.4764s
2026-03-29 12:57:35,321 - routers.leads - DEBUG - Found 10 leadss
2026-03-29 12:57:35,323 - core.database - DEBUG - [DB_OP] Database session cleanup after 0.5373s
2026-03-29 12:57:35,420 - routers.corretores - DEBUG - Found 4 corretoress
2026-03-29 12:57:35,421 - core.database - DEBUG - [DB_OP] Database session cleanup after 0.4785s
2026-03-29 12:57:46,668 - core.database - DEBUG - [DB_OP] Starting get_db session creation
2026-03-29 12:57:46,669 - core.database - DEBUG - [DB_OP] Database session created successfully in 0.0005s
2026-03-29 12:57:46,669 - routers.corretores - DEBUG - Querying corretoress: query={}, sort=-created_at, skip=0, limit=100, fields=None
2026-03-29 12:57:46,671 - core.database - DEBUG - [DB_OP] Starting get_db session creation
2026-03-29 12:57:46,671 - core.database - DEBUG - [DB_OP] Database session created successfully in 0.0002s
2026-03-29 12:57:46,671 - routers.categorias_afiliados - DEBUG - Querying categorias_afiliadoss: query={}, sort=nome, skip=0, limit=100, fields=None
2026-03-29 12:57:46,672 - core.database - DEBUG - [DB_OP] Starting get_db session creation
2026-03-29 12:57:46,672 - core.database - DEBUG - [DB_OP] Database session created successfully in 0.0002s
2026-03-29 12:57:46,673 - routers.leads - DEBUG - Querying leadss: query={}, sort=-created_at, skip=0, limit=500, fields=None
2026-03-29 12:57:46,675 - core.database - DEBUG - [DB_OP] Starting get_db session creation
2026-03-29 12:57:46,676 - core.database - DEBUG - [DB_OP] Database session created successfully in 0.0003s
2026-03-29 12:57:46,676 - routers.produtos - DEBUG - Querying produtoss: query={}, sort=-created_at, skip=0, limit=100, fields=None
2026-03-29 12:57:46,677 - core.database - DEBUG - [DB_OP] Starting get_db session creation
2026-03-29 12:57:46,677 - core.database - DEBUG - [DB_OP] Database session created successfully in 0.0002s
2026-03-29 12:57:46,678 - routers.landing_pages - DEBUG - Querying landing_pagess: query={}, sort=-created_at, skip=0, limit=100, fields=None
2026-03-29 12:57:46,679 - core.database - DEBUG - [DB_OP] Starting get_db session creation
2026-03-29 12:57:46,679 - core.database - DEBUG - [DB_OP] Database session created successfully in 0.0003s
2026-03-29 12:57:46,680 - routers.bancos - DEBUG - Querying bancoss: query={}, sort=nome, skip=0, limit=100, fields=None
2026-03-29 12:57:47,027 - routers.categorias_afiliados - DEBUG - Found 8 categorias_afiliadoss
2026-03-29 12:57:47,028 - core.database - DEBUG - [DB_OP] Database session cleanup after 0.3573s
2026-03-29 12:57:47,030 - routers.produtos - DEBUG - Found 6 produtoss
2026-03-29 12:57:47,031 - core.database - DEBUG - [DB_OP] Database session cleanup after 0.3555s
2026-03-29 12:57:47,033 - routers.bancos - DEBUG - Found 6 bancoss
2026-03-29 12:57:47,035 - core.database - DEBUG - [DB_OP] Database session cleanup after 0.3557s
2026-03-29 12:57:47,145 - routers.corretores - DEBUG - Found 4 corretoress
2026-03-29 12:57:47,146 - core.database - DEBUG - [DB_OP] Database session cleanup after 0.4773s
2026-03-29 12:57:47,205 - routers.leads - DEBUG - Found 10 leadss
2026-03-29 12:57:47,206 - core.database - DEBUG - [DB_OP] Database session cleanup after 0.5343s
2026-03-29 12:57:47,207 - routers.landing_pages - DEBUG - Found 10 landing_pagess
2026-03-29 12:57:47,208 - core.database - DEBUG - [DB_OP] Database session cleanup after 0.5310s
2026-03-29 12:58:03,337 - core.database - DEBUG - [DB_OP] Starting get_db session creation
2026-03-29 12:58:03,338 - core.database - DEBUG - [DB_OP] Database session created successfully in 0.0011s
2026-03-29 12:58:03,339 - routers.leads - DEBUG - Querying leadss: query={}, sort=-created_at, skip=0, limit=500, fields=None
2026-03-29 12:58:03,342 - core.database - DEBUG - [DB_OP] Starting get_db session creation
2026-03-29 12:58:03,342 - core.database - DEBUG - [DB_OP] Database session created successfully in 0.0005s
2026-03-29 12:58:03,343 - routers.bancos - DEBUG - Querying bancoss: query={}, sort=nome, skip=0, limit=100, fields=None
2026-03-29 12:58:03,344 - core.database - DEBUG - [DB_OP] Starting get_db session creation
2026-03-29 12:58:03,344 - core.database - DEBUG - [DB_OP] Database session created successfully in 0.0003s
2026-03-29 12:58:03,344 - routers.landing_pages - DEBUG - Querying landing_pagess: query={}, sort=-created_at, skip=0, limit=100, fields=None
2026-03-29 12:58:03,348 - core.database - DEBUG - [DB_OP] Starting get_db session creation
2026-03-29 12:58:03,348 - core.database - DEBUG - [DB_OP] Database session created successfully in 0.0003s
2026-03-29 12:58:03,349 - routers.categorias_afiliados - DEBUG - Querying categorias_afiliadoss: query={}, sort=nome, skip=0, limit=100, fields=None
2026-03-29 12:58:03,349 - core.database - DEBUG - [DB_OP] Starting get_db session creation
2026-03-29 12:58:03,350 - core.database - DEBUG - [DB_OP] Database session created successfully in 0.0002s
2026-03-29 12:58:03,350 - routers.corretores - DEBUG - Querying corretoress: query={}, sort=-created_at, skip=0, limit=100, fields=None
2026-03-29 12:58:03,351 - core.database - DEBUG - [DB_OP] Starting get_db session creation
2026-03-29 12:58:03,351 - core.database - DEBUG - [DB_OP] Database session created successfully in 0.0002s
2026-03-29 12:58:03,351 - routers.produtos - DEBUG - Querying produtoss: query={}, sort=-created_at, skip=0, limit=100, fields=None
2026-03-29 12:58:03,702 - routers.corretores - DEBUG - Found 4 corretoress
2026-03-29 12:58:03,703 - core.database - DEBUG - [DB_OP] Database session cleanup after 0.3533s
2026-03-29 12:58:03,704 - routers.produtos - DEBUG - Found 6 produtoss
2026-03-29 12:58:03,704 - core.database - DEBUG - [DB_OP] Database session cleanup after 0.3536s
2026-03-29 12:58:03,755 - routers.leads - DEBUG - Found 10 leadss
2026-03-29 12:58:03,757 - core.database - DEBUG - [DB_OP] Database session cleanup after 0.4195s
2026-03-29 12:58:03,758 - routers.categorias_afiliados - DEBUG - Found 8 categorias_afiliadoss
2026-03-29 12:58:03,759 - core.database - DEBUG - [DB_OP] Database session cleanup after 0.4114s
2026-03-29 12:58:03,819 - routers.bancos - DEBUG - Found 6 bancoss
2026-03-29 12:58:03,820 - core.database - DEBUG - [DB_OP] Database session cleanup after 0.4781s
2026-03-29 12:58:03,883 - routers.landing_pages - DEBUG - Found 10 landing_pagess
2026-03-29 12:58:03,885 - core.database - DEBUG - [DB_OP] Database session cleanup after 0.5414s
2026-03-29 12:59:00,555 - core.database - DEBUG - [DB_OP] Starting get_db session creation
2026-03-29 12:59:00,555 - core.database - DEBUG - [DB_OP] Database session created successfully in 0.0005s
2026-03-29 12:59:00,556 - routers.leads - DEBUG - Querying leadss: query={}, sort=-created_at, skip=0, limit=500, fields=None
2026-03-29 12:59:00,557 - core.database - DEBUG - [DB_OP] Starting get_db session creation
2026-03-29 12:59:00,557 - core.database - DEBUG - [DB_OP] Database session created successfully in 0.0002s
2026-03-29 12:59:00,557 - routers.corretores - DEBUG - Querying corretoress: query={}, sort=-created_at, skip=0, limit=100, fields=None
2026-03-29 12:59:00,558 - core.database - DEBUG - [DB_OP] Starting get_db session creation
2026-03-29 12:59:00,559 - core.database - DEBUG - [DB_OP] Database session created successfully in 0.0003s
2026-03-29 12:59:00,559 - routers.categorias_afiliados - DEBUG - Querying categorias_afiliadoss: query={}, sort=nome, skip=0, limit=100, fields=None
2026-03-29 12:59:00,560 - core.database - DEBUG - [DB_OP] Starting get_db session creation
2026-03-29 12:59:00,560 - core.database - DEBUG - [DB_OP] Database session created successfully in 0.0002s
2026-03-29 12:59:00,560 - routers.landing_pages - DEBUG - Querying landing_pagess: query={}, sort=-created_at, skip=0, limit=100, fields=None
2026-03-29 12:59:00,561 - core.database - DEBUG - [DB_OP] Starting get_db session creation
2026-03-29 12:59:00,561 - core.database - DEBUG - [DB_OP] Database session created successfully in 0.0002s
2026-03-29 12:59:00,561 - routers.bancos - DEBUG - Querying bancoss: query={}, sort=nome, skip=0, limit=100, fields=None
2026-03-29 12:59:00,562 - core.database - DEBUG - [DB_OP] Starting get_db session creation
2026-03-29 12:59:00,562 - core.database - DEBUG - [DB_OP] Database session created successfully in 0.0002s
2026-03-29 12:59:00,563 - routers.produtos - DEBUG - Querying produtoss: query={}, sort=-created_at, skip=0, limit=100, fields=None
2026-03-29 12:59:00,913 - routers.landing_pages - DEBUG - Found 10 landing_pagess
2026-03-29 12:59:00,914 - core.database - DEBUG - [DB_OP] Database session cleanup after 0.3537s
2026-03-29 12:59:00,914 - routers.bancos - DEBUG - Found 6 bancoss
2026-03-29 12:59:00,914 - core.database - DEBUG - [DB_OP] Database session cleanup after 0.3534s
2026-03-29 12:59:00,916 - routers.produtos - DEBUG - Found 6 produtoss
2026-03-29 12:59:00,916 - core.database - DEBUG - [DB_OP] Database session cleanup after 0.3542s
2026-03-29 12:59:00,970 - routers.leads - DEBUG - Found 10 leadss
2026-03-29 12:59:00,971 - core.database - DEBUG - [DB_OP] Database session cleanup after 0.4163s
2026-03-29 12:59:00,972 - routers.categorias_afiliados - DEBUG - Found 8 categorias_afiliadoss
2026-03-29 12:59:00,972 - core.database - DEBUG - [DB_OP] Database session cleanup after 0.4140s
2026-03-29 12:59:01,031 - routers.corretores - DEBUG - Found 4 corretoress
2026-03-29 12:59:01,032 - core.database - DEBUG - [DB_OP] Database session cleanup after 0.4751s
2026-03-29 12:59:58,194 - core.database - DEBUG - [DB_OP] Starting get_db session creation
2026-03-29 12:59:58,194 - core.database - DEBUG - [DB_OP] Database session created successfully in 0.0006s
2026-03-29 12:59:58,195 - routers.bancos - DEBUG - Querying bancoss: query={}, sort=nome, skip=0, limit=100, fields=None
2026-03-29 12:59:58,196 - core.database - DEBUG - [DB_OP] Starting get_db session creation
2026-03-29 12:59:58,196 - core.database - DEBUG - [DB_OP] Database session created successfully in 0.0002s
2026-03-29 12:59:58,196 - routers.corretores - DEBUG - Querying corretoress: query={}, sort=-created_at, skip=0, limit=100, fields=None
2026-03-29 12:59:58,197 - core.database - DEBUG - [DB_OP] Starting get_db session creation
2026-03-29 12:59:58,197 - core.database - DEBUG - [DB_OP] Database session created successfully in 0.0002s
2026-03-29 12:59:58,198 - routers.categorias_afiliados - DEBUG - Querying categorias_afiliadoss: query={}, sort=nome, skip=0, limit=100, fields=None
2026-03-29 12:59:58,201 - core.database - DEBUG - [DB_OP] Starting get_db session creation
2026-03-29 12:59:58,202 - core.database - DEBUG - [DB_OP] Database session created successfully in 0.0005s
2026-03-29 12:59:58,202 - routers.leads - DEBUG - Querying leadss: query={}, sort=-created_at, skip=0, limit=500, fields=None
2026-03-29 12:59:58,205 - core.database - DEBUG - [DB_OP] Starting get_db session creation
2026-03-29 12:59:58,205 - core.database - DEBUG - [DB_OP] Database session created successfully in 0.0005s
2026-03-29 12:59:58,206 - routers.produtos - DEBUG - Querying produtoss: query={}, sort=-created_at, skip=0, limit=100, fields=None
2026-03-29 12:59:58,209 - core.database - DEBUG - [DB_OP] Starting get_db session creation
2026-03-29 12:59:58,210 - core.database - DEBUG - [DB_OP] Database session created successfully in 0.0006s
2026-03-29 12:59:58,210 - routers.landing_pages - DEBUG - Querying landing_pagess: query={}, sort=-created_at, skip=0, limit=100, fields=None
2026-03-29 12:59:58,552 - routers.bancos - DEBUG - Found 6 bancoss
2026-03-29 12:59:58,552 - core.database - DEBUG - [DB_OP] Database session cleanup after 0.3587s
2026-03-29 12:59:58,553 - routers.corretores - DEBUG - Found 4 corretoress
2026-03-29 12:59:58,554 - core.database - DEBUG - [DB_OP] Database session cleanup after 0.3578s
2026-03-29 12:59:58,616 - routers.leads - DEBUG - Found 10 leadss
2026-03-29 12:59:58,617 - core.database - DEBUG - [DB_OP] Database session cleanup after 0.4158s
2026-03-29 12:59:58,625 - routers.landing_pages - DEBUG - Found 10 landing_pagess
2026-03-29 12:59:58,626 - core.database - DEBUG - [DB_OP] Database session cleanup after 0.4174s
2026-03-29 12:59:58,675 - routers.categorias_afiliados - DEBUG - Found 8 categorias_afiliadoss
2026-03-29 12:59:58,676 - core.database - DEBUG - [DB_OP] Database session cleanup after 0.4783s
2026-03-29 12:59:58,678 - routers.produtos - DEBUG - Found 6 produtoss
2026-03-29 12:59:58,680 - core.database - DEBUG - [DB_OP] Database session cleanup after 0.4754s
2026-03-29 13:00:46,870 - core.database - DEBUG - [DB_OP] Starting get_db session creation
2026-03-29 13:00:46,870 - core.database - DEBUG - [DB_OP] Database session created successfully in 0.0004s
2026-03-29 13:00:46,871 - routers.categorias_afiliados - DEBUG - Querying categorias_afiliadoss: query={}, sort=nome, skip=0, limit=100, fields=None
2026-03-29 13:00:46,873 - core.database - DEBUG - [DB_OP] Starting get_db session creation
2026-03-29 13:00:46,873 - core.database - DEBUG - [DB_OP] Database session created successfully in 0.0003s
2026-03-29 13:00:46,873 - routers.leads - DEBUG - Querying leadss: query={}, sort=-created_at, skip=0, limit=500, fields=None
2026-03-29 13:00:46,874 - core.database - DEBUG - [DB_OP] Starting get_db session creation
2026-03-29 13:00:46,875 - core.database - DEBUG - [DB_OP] Database session created successfully in 0.0002s
2026-03-29 13:00:46,875 - routers.bancos - DEBUG - Querying bancoss: query={}, sort=nome, skip=0, limit=100, fields=None
2026-03-29 13:00:46,876 - core.database - DEBUG - [DB_OP] Starting get_db session creation
2026-03-29 13:00:46,876 - core.database - DEBUG - [DB_OP] Database session created successfully in 0.0002s
2026-03-29 13:00:46,877 - routers.produtos - DEBUG - Querying produtoss: query={}, sort=-created_at, skip=0, limit=100, fields=None
2026-03-29 13:00:46,877 - core.database - DEBUG - [DB_OP] Starting get_db session creation
2026-03-29 13:00:46,877 - core.database - DEBUG - [DB_OP] Database session created successfully in 0.0001s
2026-03-29 13:00:46,878 - routers.landing_pages - DEBUG - Querying landing_pagess: query={}, sort=-created_at, skip=0, limit=100, fields=None
2026-03-29 13:00:47,042 - core.database - DEBUG - [DB_OP] Starting get_db session creation
2026-03-29 13:00:47,042 - core.database - DEBUG - [DB_OP] Database session created successfully in 0.0004s
2026-03-29 13:00:47,042 - routers.corretores - DEBUG - Querying corretoress: query={}, sort=-created_at, skip=0, limit=100, fields=None
2026-03-29 13:00:47,227 - routers.categorias_afiliados - DEBUG - Found 8 categorias_afiliadoss
2026-03-29 13:00:47,228 - core.database - DEBUG - [DB_OP] Database session cleanup after 0.3577s
2026-03-29 13:00:47,230 - routers.produtos - DEBUG - Found 6 produtoss
2026-03-29 13:00:47,231 - core.database - DEBUG - [DB_OP] Database session cleanup after 0.3547s
2026-03-29 13:00:47,286 - routers.leads - DEBUG - Found 10 leadss
2026-03-29 13:00:47,287 - core.database - DEBUG - [DB_OP] Database session cleanup after 0.4147s
2026-03-29 13:00:47,290 - routers.landing_pages - DEBUG - Found 10 landing_pagess
2026-03-29 13:00:47,291 - core.database - DEBUG - [DB_OP] Database session cleanup after 0.4135s
2026-03-29 13:00:47,348 - routers.bancos - DEBUG - Found 6 bancoss
2026-03-29 13:00:47,348 - core.database - DEBUG - [DB_OP] Database session cleanup after 0.4739s
2026-03-29 13:00:47,398 - routers.corretores - DEBUG - Found 4 corretoress
2026-03-29 13:00:47,399 - core.database - DEBUG - [DB_OP] Database session cleanup after 0.3567s
2026-03-29 13:10:30,189 - services.database - DEBUG - [DB_OP] Starting database close
2026-03-29 13:10:30,191 - core.database - INFO - Database connection closed and engine disposed
2026-03-29 13:10:30,191 - services.database - INFO - Database connections closed
2026-03-29 13:10:30,191 - services.database - DEBUG - [DB_OP] Database close completed in 0.0028s
