2026-03-27 15:35:17,548 - main - INFO - === Logging system initialized ===
2026-03-27 15:35:17,548 - main - INFO - Log file: logs/app_20260327_153517.log
2026-03-27 15:35:17,549 - main - INFO - Log level: INFO
2026-03-27 15:35:17,549 - main - INFO - Timestamp: 20260327_153517
2026-03-27 15:35:18,298 - main - INFO - Included router: routers.aihub.router
2026-03-27 15:35:18,321 - main - INFO - Included router: routers.auth.router
2026-03-27 15:35:18,323 - main - INFO - Included router: routers.health.router
2026-03-27 15:35:18,372 - main - INFO - Included router: routers.notification_history.router
2026-03-27 15:35:18,392 - main - INFO - Included router: routers.settings.router
2026-03-27 15:35:18,433 - main - INFO - Included router: routers.storage.router
2026-03-27 15:35:18,443 - main - INFO - Included router: routers.user.router
2026-03-27 15:35:18,444 - main - INFO - === Application startup initiated ===
2026-03-27 15:35:18,445 - services.database - INFO - Ignore creating tables
2026-03-27 15:35:18,445 - services.mock_data - INFO - Ignore initialize data
2026-03-27 15:35:18,445 - services.auth - INFO - Ignore initialize admin
2026-03-27 15:35:18,445 - main - INFO - === Application startup completed successfully ===
2026-03-27 15:35:25,789 - core.database - DEBUG - [DB_OP] Starting get_db session creation
2026-03-27 15:35:25,790 - core.database - WARNING - Database session maker not available, attempting lazy initialization...
2026-03-27 15:35:25,790 - core.database - WARNING - Database not initialized, attempting lazy initialization...
2026-03-27 15:35:25,790 - core.database - INFO - Starting database initialization...
2026-03-27 15:35:25,790 - core.config - DEBUG - Read dynamic attribute database_url from environment variable DATABASE_URL
2026-03-27 15:35:25,790 - core.database - INFO - Normalizing database URL for async compatibility...
2026-03-27 15:35:25,791 - core.database - INFO - Creating async database engine...
2026-03-27 15:35:25,791 - core.database - INFO - Using QueuePool with connection pooling for non-Lambda environment
2026-03-27 15:35:25,941 - core.database - INFO - Database engine created successfully
2026-03-27 15:35:25,941 - core.database - INFO - Creating async session maker...
2026-03-27 15:35:25,942 - core.database - INFO - Async session maker created successfully
2026-03-27 15:35:25,943 - core.database - INFO - Database connection initialized successfully
2026-03-27 15:35:25,943 - core.database - DEBUG - [DB_OP] Starting create_tables
2026-03-27 15:35:25,944 - core.database - INFO - 🔧 Starting table creation...
2026-03-27 15:35:25,951 - core.database - DEBUG - [DB_OP] Starting get_db session creation
2026-03-27 15:35:25,951 - core.database - DEBUG - [DB_OP] Database session created successfully in 0.0003s
2026-03-27 15:35:25,952 - routers.notification_history - DEBUG - Creating new notification_history with data: notification_type='sem_atendimento' title='Lead sem atendimento há +24h' message='Isabela Rodrigues — último contato há 58h (Rafael Mendes)' lead_id='lead8' priority='alta' sound_played=True silenced_by_dnd=False sound_type='sirene' created_at=datetime.datetime(2026, 3, 27, 22, 35, 25, 755000, tzinfo=TzInfo(UTC))
2026-03-27 15:35:25,956 - core.database - DEBUG - [DB_OP] Starting get_db session creation
2026-03-27 15:35:25,957 - core.database - DEBUG - [DB_OP] Database session created successfully in 0.0002s
2026-03-27 15:35:25,957 - routers.notification_history - DEBUG - Creating new notification_history with data: notification_type='sem_atendimento' title='Lead sem atendimento há +24h' message='Marcos Pereira — último contato há 59h (Juliana Ferreira)' lead_id='lead3' priority='alta' sound_played=True silenced_by_dnd=False sound_type='sirene' created_at=datetime.datetime(2026, 3, 27, 22, 35, 25, 755000, tzinfo=TzInfo(UTC))
2026-03-27 15:35:25,958 - core.database - DEBUG - [DB_OP] Starting get_db session creation
2026-03-27 15:35:25,958 - core.database - DEBUG - [DB_OP] Database session created successfully in 0.0002s
2026-03-27 15:35:25,959 - routers.notification_history - DEBUG - Creating new notification_history with data: notification_type='novo_lead' title='Novo lead recebido' message='Diego Martins — R$\xa025.000,00 via Empréstimo Pessoal MG' lead_id='lead7' priority='baixa' sound_played=True silenced_by_dnd=False sound_type='apito' created_at=datetime.datetime(2026, 3, 27, 22, 35, 25, 755000, tzinfo=TzInfo(UTC))
2026-03-27 15:35:25,960 - core.database - DEBUG - [DB_OP] Starting get_db session creation
2026-03-27 15:35:25,960 - core.database - DEBUG - [DB_OP] Database session created successfully in 0.0003s
2026-03-27 15:35:25,960 - routers.notification_history - DEBUG - Creating new notification_history with data: notification_type='novo_lead' title='Novo lead recebido' message='Roberto Nascimento — R$\xa0150.000,00 via Crédito Consignado SP' lead_id='lead1' priority='alta' sound_played=True silenced_by_dnd=False sound_type='apito' created_at=datetime.datetime(2026, 3, 27, 22, 35, 25, 753000, tzinfo=TzInfo(UTC))
2026-03-27 15:35:25,962 - core.database - DEBUG - [DB_OP] Starting get_db session creation
2026-03-27 15:35:25,962 - core.database - DEBUG - [DB_OP] Database session created successfully in 0.0002s
2026-03-27 15:35:25,962 - routers.notification_history - DEBUG - Creating new notification_history with data: notification_type='sem_atendimento' title='Lead sem atendimento há +24h' message='Vanessa Cruz — último contato há 57h (Pedro Almeida)' lead_id='lead10' priority='alta' sound_played=True silenced_by_dnd=False sound_type='sirene' created_at=datetime.datetime(2026, 3, 27, 22, 35, 25, 754000, tzinfo=TzInfo(UTC))
2026-03-27 15:35:25,965 - core.database - DEBUG - [DB_OP] Starting get_db session creation
2026-03-27 15:35:25,965 - core.database - DEBUG - [DB_OP] Database session created successfully in 0.0002s
2026-03-27 15:35:25,965 - routers.notification_history - DEBUG - Creating new notification_history with data: notification_type='sem_atendimento' title='Lead sem atendimento há +24h' message='Patricia Gomes — último contato há 57h (Juliana Ferreira)' lead_id='lead6' priority='alta' sound_played=True silenced_by_dnd=False sound_type='sirene' created_at=datetime.datetime(2026, 3, 27, 22, 35, 25, 754000, tzinfo=TzInfo(UTC))
2026-03-27 15:35:25,967 - core.database - DEBUG - [DB_OP] Starting get_db session creation
2026-03-27 15:35:25,967 - core.database - DEBUG - [DB_OP] Database session created successfully in 0.0001s
2026-03-27 15:35:25,967 - routers.notification_history - DEBUG - Creating new notification_history with data: notification_type='sem_atendimento' title='Lead sem atendimento há +24h' message='Fernanda Lima — último contato há 56h (Rafael Mendes)' lead_id='lead2' priority='alta' sound_played=True silenced_by_dnd=False sound_type='sirene' created_at=datetime.datetime(2026, 3, 27, 22, 35, 25, 753000, tzinfo=TzInfo(UTC))
2026-03-27 15:35:27,357 - core.database - INFO - Tables initialized successfully
2026-03-27 15:35:27,357 - core.database - DEBUG - [DB_OP] Create tables completed in 1.4140s
2026-03-27 15:35:27,415 - core.database - INFO - Lazy database initialization completed successfully
2026-03-27 15:35:27,416 - core.database - DEBUG - [DB_OP] Database session created successfully in 1.6269s
2026-03-27 15:35:27,417 - routers.notification_history - DEBUG - Creating new notification_history with data: notification_type='novo_lead' title='Novo lead recebido' message='André Souza — R$\xa0200.000,00 via Financiamento Imobiliário RJ' lead_id='lead5' priority='alta' sound_played=True silenced_by_dnd=False sound_type='apito' created_at=datetime.datetime(2026, 3, 27, 22, 35, 25, 749000, tzinfo=TzInfo(UTC))
2026-03-27 15:35:27,713 - services.notification_history - INFO - Created notification_history with id: 130
2026-03-27 15:35:27,714 - routers.notification_history - INFO - Notification_history created successfully with id: 130
2026-03-27 15:35:27,715 - core.database - DEBUG - [DB_OP] Database session cleanup after 1.7583s
2026-03-27 15:35:27,715 - services.notification_history - INFO - Created notification_history with id: 129
2026-03-27 15:35:27,716 - routers.notification_history - INFO - Notification_history created successfully with id: 129
2026-03-27 15:35:27,716 - core.database - DEBUG - [DB_OP] Database session cleanup after 1.7544s
2026-03-27 15:35:27,718 - services.notification_history - INFO - Created notification_history with id: 131
2026-03-27 15:35:27,718 - routers.notification_history - INFO - Notification_history created successfully with id: 131
2026-03-27 15:35:27,719 - core.database - DEBUG - [DB_OP] Database session cleanup after 1.7540s
2026-03-27 15:35:27,723 - services.notification_history - INFO - Created notification_history with id: 132
2026-03-27 15:35:27,723 - routers.notification_history - INFO - Notification_history created successfully with id: 132
2026-03-27 15:35:27,724 - core.database - DEBUG - [DB_OP] Database session cleanup after 1.7662s
2026-03-27 15:35:27,726 - services.notification_history - INFO - Created notification_history with id: 134
2026-03-27 15:35:27,727 - routers.notification_history - INFO - Notification_history created successfully with id: 134
2026-03-27 15:35:27,727 - core.database - DEBUG - [DB_OP] Database session cleanup after 1.7676s
2026-03-27 15:35:27,728 - services.notification_history - INFO - Created notification_history with id: 135
2026-03-27 15:35:27,728 - routers.notification_history - INFO - Notification_history created successfully with id: 135
2026-03-27 15:35:27,729 - core.database - DEBUG - [DB_OP] Database session cleanup after 1.7776s
2026-03-27 15:35:27,729 - services.notification_history - INFO - Created notification_history with id: 133
2026-03-27 15:35:27,730 - routers.notification_history - INFO - Notification_history created successfully with id: 133
2026-03-27 15:35:27,730 - core.database - DEBUG - [DB_OP] Database session cleanup after 1.7633s
2026-03-27 15:35:28,179 - services.notification_history - INFO - Created notification_history with id: 136
2026-03-27 15:35:28,179 - routers.notification_history - INFO - Notification_history created successfully with id: 136
2026-03-27 15:35:28,180 - core.database - DEBUG - [DB_OP] Database session cleanup after 2.3910s
2026-03-27 15:37:04,983 - core.database - DEBUG - [DB_OP] Starting get_db session creation
2026-03-27 15:37:04,983 - core.database - DEBUG - [DB_OP] Database session created successfully in 0.0005s
2026-03-27 15:37:04,984 - routers.notification_history - DEBUG - Creating new notification_history with data: notification_type='novo_lead' title='Novo lead recebido' message='André Souza — R$\xa0500.000,00 via Empréstimo Condomínio' lead_id='lead5' priority='alta' sound_played=True silenced_by_dnd=False sound_type='apito' created_at=datetime.datetime(2026, 3, 27, 22, 37, 4, 910000, tzinfo=TzInfo(UTC))
2026-03-27 15:37:04,985 - core.database - DEBUG - [DB_OP] Starting get_db session creation
2026-03-27 15:37:04,985 - core.database - DEBUG - [DB_OP] Database session created successfully in 0.0002s
2026-03-27 15:37:04,985 - routers.notification_history - DEBUG - Creating new notification_history with data: notification_type='sem_atendimento' title='Lead sem atendimento há +24h' message='Fernanda Lima — último contato há 56h (Rafael Mendes)' lead_id='lead2' priority='alta' sound_played=True silenced_by_dnd=False sound_type='sirene' created_at=datetime.datetime(2026, 3, 27, 22, 37, 4, 911000, tzinfo=TzInfo(UTC))
2026-03-27 15:37:04,986 - core.database - DEBUG - [DB_OP] Starting get_db session creation
2026-03-27 15:37:04,986 - core.database - DEBUG - [DB_OP] Database session created successfully in 0.0002s
2026-03-27 15:37:04,986 - routers.notification_history - DEBUG - Creating new notification_history with data: notification_type='novo_lead' title='Novo lead recebido' message='Roberto Nascimento — R$\xa0350.000,00 via Home Equity' lead_id='lead1' priority='alta' sound_played=True silenced_by_dnd=False sound_type='apito' created_at=datetime.datetime(2026, 3, 27, 22, 37, 4, 911000, tzinfo=TzInfo(UTC))
2026-03-27 15:37:04,987 - core.database - DEBUG - [DB_OP] Starting get_db session creation
2026-03-27 15:37:04,988 - core.database - DEBUG - [DB_OP] Database session created successfully in 0.0002s
2026-03-27 15:37:04,988 - routers.notification_history - DEBUG - Creating new notification_history with data: notification_type='sem_atendimento' title='Lead sem atendimento há +24h' message='Vanessa Cruz — último contato há 57h (Pedro Almeida)' lead_id='lead10' priority='alta' sound_played=True silenced_by_dnd=False sound_type='sirene' created_at=datetime.datetime(2026, 3, 27, 22, 37, 4, 911000, tzinfo=TzInfo(UTC))
2026-03-27 15:37:04,989 - core.database - DEBUG - [DB_OP] Starting get_db session creation
2026-03-27 15:37:04,989 - core.database - DEBUG - [DB_OP] Database session created successfully in 0.0002s
2026-03-27 15:37:04,989 - routers.notification_history - DEBUG - Creating new notification_history with data: notification_type='sem_atendimento' title='Lead sem atendimento há +24h' message='Isabela Rodrigues — último contato há 58h (Rafael Mendes)' lead_id='lead8' priority='alta' sound_played=True silenced_by_dnd=False sound_type='sirene' created_at=datetime.datetime(2026, 3, 27, 22, 37, 4, 911000, tzinfo=TzInfo(UTC))
2026-03-27 15:37:04,990 - core.database - DEBUG - [DB_OP] Starting get_db session creation
2026-03-27 15:37:04,990 - core.database - DEBUG - [DB_OP] Database session created successfully in 0.0002s
2026-03-27 15:37:04,990 - routers.notification_history - DEBUG - Creating new notification_history with data: notification_type='novo_lead' title='Novo lead recebido' message='Diego Martins — R$\xa0120.000,00 via Home Equity' lead_id='lead7' priority='baixa' sound_played=True silenced_by_dnd=False sound_type='apito' created_at=datetime.datetime(2026, 3, 27, 22, 37, 4, 911000, tzinfo=TzInfo(UTC))
2026-03-27 15:37:04,991 - core.database - DEBUG - [DB_OP] Starting get_db session creation
2026-03-27 15:37:04,991 - core.database - DEBUG - [DB_OP] Database session created successfully in 0.0002s
2026-03-27 15:37:04,991 - routers.notification_history - DEBUG - Creating new notification_history with data: notification_type='sem_atendimento' title='Lead sem atendimento há +24h' message='Marcos Pereira — último contato há 59h (Juliana Ferreira)' lead_id='lead3' priority='alta' sound_played=True silenced_by_dnd=False sound_type='sirene' created_at=datetime.datetime(2026, 3, 27, 22, 37, 4, 911000, tzinfo=TzInfo(UTC))
2026-03-27 15:37:04,992 - core.database - DEBUG - [DB_OP] Starting get_db session creation
2026-03-27 15:37:04,993 - core.database - DEBUG - [DB_OP] Database session created successfully in 0.0002s
2026-03-27 15:37:04,993 - routers.notification_history - DEBUG - Creating new notification_history with data: notification_type='sem_atendimento' title='Lead sem atendimento há +24h' message='Patricia Gomes — último contato há 57h (Juliana Ferreira)' lead_id='lead6' priority='alta' sound_played=True silenced_by_dnd=False sound_type='sirene' created_at=datetime.datetime(2026, 3, 27, 22, 37, 4, 911000, tzinfo=TzInfo(UTC))
2026-03-27 15:37:05,629 - services.notification_history - INFO - Created notification_history with id: 137
2026-03-27 15:37:05,629 - routers.notification_history - INFO - Notification_history created successfully with id: 137
2026-03-27 15:37:05,630 - core.database - DEBUG - [DB_OP] Database session cleanup after 0.6470s
2026-03-27 15:37:05,632 - services.notification_history - INFO - Created notification_history with id: 141
2026-03-27 15:37:05,633 - routers.notification_history - INFO - Notification_history created successfully with id: 141
2026-03-27 15:37:05,633 - core.database - DEBUG - [DB_OP] Database session cleanup after 0.6410s
2026-03-27 15:37:05,635 - services.notification_history - INFO - Created notification_history with id: 139
2026-03-27 15:37:05,635 - routers.notification_history - INFO - Notification_history created successfully with id: 139
2026-03-27 15:37:05,636 - core.database - DEBUG - [DB_OP] Database session cleanup after 0.6497s
2026-03-27 15:37:05,637 - services.notification_history - INFO - Created notification_history with id: 138
2026-03-27 15:37:05,637 - routers.notification_history - INFO - Notification_history created successfully with id: 138
2026-03-27 15:37:05,637 - core.database - DEBUG - [DB_OP] Database session cleanup after 0.6523s
2026-03-27 15:37:05,646 - services.notification_history - INFO - Created notification_history with id: 142
2026-03-27 15:37:05,646 - routers.notification_history - INFO - Notification_history created successfully with id: 142
2026-03-27 15:37:05,647 - core.database - DEBUG - [DB_OP] Database session cleanup after 0.6591s
2026-03-27 15:37:05,647 - services.notification_history - INFO - Created notification_history with id: 143
2026-03-27 15:37:05,647 - routers.notification_history - INFO - Notification_history created successfully with id: 143
2026-03-27 15:37:05,649 - core.database - DEBUG - [DB_OP] Database session cleanup after 0.6598s
2026-03-27 15:37:05,650 - services.notification_history - INFO - Created notification_history with id: 144
2026-03-27 15:37:05,650 - routers.notification_history - INFO - Notification_history created successfully with id: 144
2026-03-27 15:37:05,650 - core.database - DEBUG - [DB_OP] Database session cleanup after 0.6604s
2026-03-27 15:37:05,690 - services.notification_history - INFO - Created notification_history with id: 140
2026-03-27 15:37:05,691 - routers.notification_history - INFO - Notification_history created successfully with id: 140
2026-03-27 15:37:05,691 - core.database - DEBUG - [DB_OP] Database session cleanup after 0.7001s
2026-03-27 15:37:51,954 - core.database - DEBUG - [DB_OP] Starting get_db session creation
2026-03-27 15:37:51,954 - core.database - DEBUG - [DB_OP] Database session created successfully in 0.0007s
2026-03-27 15:37:51,955 - routers.notification_history - DEBUG - Creating new notification_history with data: notification_type='novo_lead' title='Novo lead recebido' message='André Souza — R$\xa0500.000,00 via Empréstimo Condomínio' lead_id='lead5' priority='alta' sound_played=True silenced_by_dnd=False sound_type='apito' created_at=datetime.datetime(2026, 3, 27, 22, 37, 51, 946000, tzinfo=TzInfo(UTC))
2026-03-27 15:37:51,956 - core.database - DEBUG - [DB_OP] Starting get_db session creation
2026-03-27 15:37:51,956 - core.database - DEBUG - [DB_OP] Database session created successfully in 0.0002s
2026-03-27 15:37:51,956 - routers.notification_history - DEBUG - Creating new notification_history with data: notification_type='sem_atendimento' title='Lead sem atendimento há +24h' message='Fernanda Lima — último contato há 52h (Rafael Mendes)' lead_id='lead2' priority='alta' sound_played=True silenced_by_dnd=False sound_type='sirene' created_at=datetime.datetime(2026, 3, 27, 22, 37, 51, 947000, tzinfo=TzInfo(UTC))
2026-03-27 15:37:51,957 - core.database - DEBUG - [DB_OP] Starting get_db session creation
2026-03-27 15:37:51,957 - core.database - DEBUG - [DB_OP] Database session created successfully in 0.0002s
2026-03-27 15:37:51,957 - routers.notification_history - DEBUG - Creating new notification_history with data: notification_type='novo_lead' title='Novo lead recebido' message='Roberto Nascimento — R$\xa0350.000,00 via Home Equity' lead_id='lead1' priority='alta' sound_played=True silenced_by_dnd=False sound_type='apito' created_at=datetime.datetime(2026, 3, 27, 22, 37, 51, 947000, tzinfo=TzInfo(UTC))
2026-03-27 15:37:51,958 - core.database - DEBUG - [DB_OP] Starting get_db session creation
2026-03-27 15:37:51,959 - core.database - DEBUG - [DB_OP] Database session created successfully in 0.0001s
2026-03-27 15:37:51,959 - routers.notification_history - DEBUG - Creating new notification_history with data: notification_type='sem_atendimento' title='Lead sem atendimento há +24h' message='Patricia Gomes — último contato há 53h (Juliana Ferreira)' lead_id='lead6' priority='alta' sound_played=True silenced_by_dnd=False sound_type='sirene' created_at=datetime.datetime(2026, 3, 27, 22, 37, 51, 947000, tzinfo=TzInfo(UTC))
2026-03-27 15:37:51,959 - core.database - DEBUG - [DB_OP] Starting get_db session creation
2026-03-27 15:37:51,959 - core.database - DEBUG - [DB_OP] Database session created successfully in 0.0001s
2026-03-27 15:37:51,960 - routers.notification_history - DEBUG - Creating new notification_history with data: notification_type='sem_atendimento' title='Lead sem atendimento há +24h' message='Vanessa Cruz — último contato há 53h (Pedro Almeida)' lead_id='lead10' priority='alta' sound_played=True silenced_by_dnd=False sound_type='sirene' created_at=datetime.datetime(2026, 3, 27, 22, 37, 51, 948000, tzinfo=TzInfo(UTC))
2026-03-27 15:37:51,960 - core.database - DEBUG - [DB_OP] Starting get_db session creation
2026-03-27 15:37:51,960 - core.database - DEBUG - [DB_OP] Database session created successfully in 0.0002s
2026-03-27 15:37:51,961 - routers.notification_history - DEBUG - Creating new notification_history with data: notification_type='sem_atendimento' title='Lead sem atendimento há +24h' message='Isabela Rodrigues — último contato há 54h (Rafael Mendes)' lead_id='lead8' priority='alta' sound_played=True silenced_by_dnd=False sound_type='sirene' created_at=datetime.datetime(2026, 3, 27, 22, 37, 51, 948000, tzinfo=TzInfo(UTC))
2026-03-27 15:37:52,601 - services.notification_history - INFO - Created notification_history with id: 146
2026-03-27 15:37:52,601 - routers.notification_history - INFO - Notification_history created successfully with id: 146
2026-03-27 15:37:52,602 - core.database - DEBUG - [DB_OP] Database session cleanup after 0.6486s
2026-03-27 15:37:52,607 - services.notification_history - INFO - Created notification_history with id: 147
2026-03-27 15:37:52,608 - routers.notification_history - INFO - Notification_history created successfully with id: 147
2026-03-27 15:37:52,608 - core.database - DEBUG - [DB_OP] Database session cleanup after 0.6496s
2026-03-27 15:37:52,609 - services.notification_history - INFO - Created notification_history with id: 148
2026-03-27 15:37:52,609 - routers.notification_history - INFO - Notification_history created successfully with id: 148
2026-03-27 15:37:52,610 - core.database - DEBUG - [DB_OP] Database session cleanup after 0.6526s
2026-03-27 15:37:52,611 - services.notification_history - INFO - Created notification_history with id: 145
2026-03-27 15:37:52,611 - routers.notification_history - INFO - Notification_history created successfully with id: 145
2026-03-27 15:37:52,611 - core.database - DEBUG - [DB_OP] Database session cleanup after 0.6555s
2026-03-27 15:37:52,612 - services.notification_history - INFO - Created notification_history with id: 150
2026-03-27 15:37:52,612 - routers.notification_history - INFO - Notification_history created successfully with id: 150
2026-03-27 15:37:52,613 - core.database - DEBUG - [DB_OP] Database session cleanup after 0.6525s
2026-03-27 15:37:52,613 - services.notification_history - INFO - Created notification_history with id: 149
2026-03-27 15:37:52,613 - routers.notification_history - INFO - Notification_history created successfully with id: 149
2026-03-27 15:37:52,614 - core.database - DEBUG - [DB_OP] Database session cleanup after 0.6544s
2026-03-27 15:37:52,635 - core.database - DEBUG - [DB_OP] Starting get_db session creation
2026-03-27 15:37:52,635 - core.database - DEBUG - [DB_OP] Database session created successfully in 0.0005s
2026-03-27 15:37:52,636 - routers.notification_history - DEBUG - Creating new notification_history with data: notification_type='sem_atendimento' title='Lead sem atendimento há +24h' message='Marcos Pereira — último contato há 55h (Juliana Ferreira)' lead_id='lead3' priority='alta' sound_played=True silenced_by_dnd=False sound_type='sirene' created_at=datetime.datetime(2026, 3, 27, 22, 37, 51, 948000, tzinfo=TzInfo(UTC))
2026-03-27 15:37:52,637 - core.database - DEBUG - [DB_OP] Starting get_db session creation
2026-03-27 15:37:52,637 - core.database - DEBUG - [DB_OP] Database session created successfully in 0.0002s
2026-03-27 15:37:52,637 - routers.notification_history - DEBUG - Creating new notification_history with data: notification_type='novo_lead' title='Novo lead recebido' message='Diego Martins — R$\xa0120.000,00 via Home Equity' lead_id='lead7' priority='baixa' sound_played=True silenced_by_dnd=False sound_type='apito' created_at=datetime.datetime(2026, 3, 27, 22, 37, 51, 948000, tzinfo=TzInfo(UTC))
2026-03-27 15:37:53,288 - services.notification_history - INFO - Created notification_history with id: 151
2026-03-27 15:37:53,288 - routers.notification_history - INFO - Notification_history created successfully with id: 151
2026-03-27 15:37:53,289 - core.database - DEBUG - [DB_OP] Database session cleanup after 0.6540s
2026-03-27 15:37:53,289 - services.notification_history - INFO - Created notification_history with id: 152
2026-03-27 15:37:53,289 - routers.notification_history - INFO - Notification_history created successfully with id: 152
2026-03-27 15:37:53,289 - core.database - DEBUG - [DB_OP] Database session cleanup after 0.6525s
2026-03-27 15:40:37,605 - core.database - DEBUG - [DB_OP] Starting get_db session creation
2026-03-27 15:40:37,606 - core.database - DEBUG - [DB_OP] Database session created successfully in 0.0010s
2026-03-27 15:40:37,606 - routers.notification_history - DEBUG - Creating new notification_history with data: notification_type='novo_lead' title='Novo lead recebido' message='André Souza — R$\xa0500.000,00 via Empréstimo Condomínio' lead_id='lead5' priority='alta' sound_played=True silenced_by_dnd=False sound_type='apito' created_at=datetime.datetime(2026, 3, 27, 22, 40, 37, 593000, tzinfo=TzInfo(UTC))
2026-03-27 15:40:37,608 - core.database - DEBUG - [DB_OP] Starting get_db session creation
2026-03-27 15:40:37,609 - core.database - DEBUG - [DB_OP] Database session created successfully in 0.0002s
2026-03-27 15:40:37,609 - routers.notification_history - DEBUG - Creating new notification_history with data: notification_type='sem_atendimento' title='Lead sem atendimento há +24h' message='Fernanda Lima — último contato há 52h (Rafael Mendes)' lead_id='lead2' priority='alta' sound_played=True silenced_by_dnd=False sound_type='sirene' created_at=datetime.datetime(2026, 3, 27, 22, 40, 37, 595000, tzinfo=TzInfo(UTC))
2026-03-27 15:40:37,610 - core.database - DEBUG - [DB_OP] Starting get_db session creation
2026-03-27 15:40:37,610 - core.database - DEBUG - [DB_OP] Database session created successfully in 0.0002s
2026-03-27 15:40:37,610 - routers.notification_history - DEBUG - Creating new notification_history with data: notification_type='novo_lead' title='Novo lead recebido' message='Roberto Nascimento — R$\xa0350.000,00 via Home Equity' lead_id='lead1' priority='alta' sound_played=True silenced_by_dnd=False sound_type='apito' created_at=datetime.datetime(2026, 3, 27, 22, 40, 37, 595000, tzinfo=TzInfo(UTC))
2026-03-27 15:40:37,611 - core.database - DEBUG - [DB_OP] Starting get_db session creation
2026-03-27 15:40:37,612 - core.database - DEBUG - [DB_OP] Database session created successfully in 0.0002s
2026-03-27 15:40:37,612 - routers.notification_history - DEBUG - Creating new notification_history with data: notification_type='sem_atendimento' title='Lead sem atendimento há +24h' message='Patricia Gomes — último contato há 53h (Juliana Ferreira)' lead_id='lead6' priority='alta' sound_played=True silenced_by_dnd=False sound_type='sirene' created_at=datetime.datetime(2026, 3, 27, 22, 40, 37, 595000, tzinfo=TzInfo(UTC))
2026-03-27 15:40:37,613 - core.database - DEBUG - [DB_OP] Starting get_db session creation
2026-03-27 15:40:37,613 - core.database - DEBUG - [DB_OP] Database session created successfully in 0.0002s
2026-03-27 15:40:37,613 - routers.notification_history - DEBUG - Creating new notification_history with data: notification_type='sem_atendimento' title='Lead sem atendimento há +24h' message='Vanessa Cruz — último contato há 53h (Pedro Almeida)' lead_id='lead10' priority='alta' sound_played=True silenced_by_dnd=False sound_type='sirene' created_at=datetime.datetime(2026, 3, 27, 22, 40, 37, 596000, tzinfo=TzInfo(UTC))
2026-03-27 15:40:37,614 - core.database - DEBUG - [DB_OP] Starting get_db session creation
2026-03-27 15:40:37,614 - core.database - DEBUG - [DB_OP] Database session created successfully in 0.0001s
2026-03-27 15:40:37,614 - routers.notification_history - DEBUG - Creating new notification_history with data: notification_type='sem_atendimento' title='Lead sem atendimento há +24h' message='Isabela Rodrigues — último contato há 54h (Rafael Mendes)' lead_id='lead8' priority='alta' sound_played=True silenced_by_dnd=False sound_type='sirene' created_at=datetime.datetime(2026, 3, 27, 22, 40, 37, 596000, tzinfo=TzInfo(UTC))
2026-03-27 15:40:38,378 - services.notification_history - INFO - Created notification_history with id: 155
2026-03-27 15:40:38,378 - routers.notification_history - INFO - Notification_history created successfully with id: 155
2026-03-27 15:40:38,379 - core.database - DEBUG - [DB_OP] Database session cleanup after 0.7690s
2026-03-27 15:40:38,386 - services.notification_history - INFO - Created notification_history with id: 156
2026-03-27 15:40:38,387 - routers.notification_history - INFO - Notification_history created successfully with id: 156
2026-03-27 15:40:38,387 - core.database - DEBUG - [DB_OP] Database session cleanup after 0.7789s
2026-03-27 15:40:38,389 - services.notification_history - INFO - Created notification_history with id: 157
2026-03-27 15:40:38,389 - routers.notification_history - INFO - Notification_history created successfully with id: 157
2026-03-27 15:40:38,389 - core.database - DEBUG - [DB_OP] Database session cleanup after 0.7766s
2026-03-27 15:40:38,390 - core.database - DEBUG - [DB_OP] Starting get_db session creation
2026-03-27 15:40:38,390 - core.database - DEBUG - [DB_OP] Database session created successfully in 0.0002s
2026-03-27 15:40:38,391 - routers.notification_history - DEBUG - Creating new notification_history with data: notification_type='sem_atendimento' title='Lead sem atendimento há +24h' message='Marcos Pereira — último contato há 55h (Juliana Ferreira)' lead_id='lead3' priority='alta' sound_played=True silenced_by_dnd=False sound_type='sirene' created_at=datetime.datetime(2026, 3, 27, 22, 40, 37, 596000, tzinfo=TzInfo(UTC))
2026-03-27 15:40:38,394 - services.notification_history - INFO - Created notification_history with id: 158
2026-03-27 15:40:38,394 - routers.notification_history - INFO - Notification_history created successfully with id: 158
2026-03-27 15:40:38,394 - core.database - DEBUG - [DB_OP] Database session cleanup after 0.7808s
2026-03-27 15:40:38,406 - core.database - DEBUG - [DB_OP] Starting get_db session creation
2026-03-27 15:40:38,406 - core.database - DEBUG - [DB_OP] Database session created successfully in 0.0005s
2026-03-27 15:40:38,406 - routers.notification_history - DEBUG - Creating new notification_history with data: notification_type='novo_lead' title='Novo lead recebido' message='Diego Martins — R$\xa0120.000,00 via Home Equity' lead_id='lead7' priority='baixa' sound_played=True silenced_by_dnd=False sound_type='apito' created_at=datetime.datetime(2026, 3, 27, 22, 40, 37, 596000, tzinfo=TzInfo(UTC))
2026-03-27 15:40:38,488 - services.notification_history - INFO - Created notification_history with id: 153
2026-03-27 15:40:38,489 - routers.notification_history - INFO - Notification_history created successfully with id: 153
2026-03-27 15:40:38,490 - core.database - DEBUG - [DB_OP] Database session cleanup after 0.8850s
2026-03-27 15:40:38,491 - services.notification_history - INFO - Created notification_history with id: 154
2026-03-27 15:40:38,491 - routers.notification_history - INFO - Notification_history created successfully with id: 154
2026-03-27 15:40:38,491 - core.database - DEBUG - [DB_OP] Database session cleanup after 0.8797s
2026-03-27 15:40:39,043 - services.notification_history - INFO - Created notification_history with id: 159
2026-03-27 15:40:39,044 - routers.notification_history - INFO - Notification_history created successfully with id: 159
2026-03-27 15:40:39,044 - core.database - DEBUG - [DB_OP] Database session cleanup after 0.6542s
2026-03-27 15:40:39,064 - services.notification_history - INFO - Created notification_history with id: 160
2026-03-27 15:40:39,064 - routers.notification_history - INFO - Notification_history created successfully with id: 160
2026-03-27 15:40:39,065 - core.database - DEBUG - [DB_OP] Database session cleanup after 0.6590s
2026-03-27 15:41:19,811 - services.database - DEBUG - [DB_OP] Starting database close
2026-03-27 15:41:20,310 - core.database - INFO - Database connection closed and engine disposed
2026-03-27 15:41:20,310 - services.database - INFO - Database connections closed
2026-03-27 15:41:20,310 - services.database - DEBUG - [DB_OP] Database close completed in 0.4996s
